Base path: 'C:/Program Files/Unity/Hub/Editor/2019.2.10f1/Editor/Data', plugins path 'C:/Program Files/Unity/Hub/Editor/2019.2.10f1/Editor/Data/PlaybackEngines'
Cmd: initializeCompiler
Cmd: compileComputeKernel
  api=9 insize=12109 outsize=3457 ok=1
Cmd: compileComputeKernel
  api=9 insize=12109 outsize=2557 ok=1
Cmd: compileComputeKernel
  api=9 insize=12109 outsize=2525 ok=1
Cmd: compileComputeKernel
  api=9 insize=12109 outsize=2656 ok=1
Cmd: compileComputeKernel
  api=9 insize=12109 outsize=2655 ok=1
Cmd: compileComputeKernel
  api=9 insize=12109 outsize=2809 ok=1
Cmd: compileComputeKernel
  api=9 insize=12109 outsize=3831 ok=1
Cmd: compileComputeKernel
  api=9 insize=12109 outsize=4089 ok=1
Cmd: compileComputeKernel
  api=9 insize=12109 outsize=3326 ok=1
Cmd: compileComputeKernel
  api=9 insize=12109 outsize=4794 ok=1
Cmd: compileComputeKernel
  api=9 insize=12109 outsize=3661 ok=1
Cmd: compileComputeKernel
  api=4 insize=12109 outsize=1099 ok=1
Cmd: compileComputeKernel
  api=4 insize=12109 outsize=1971 ok=1
Cmd: compileComputeKernel
  api=4 insize=12109 outsize=1580 ok=1
Cmd: compileComputeKernel
  api=9 insize=72903 outsize=6240 ok=1
Cmd: compileComputeKernel
  api=9 insize=72903 outsize=9797 ok=1
Cmd: compileComputeKernel
  api=9 insize=72903 outsize=11233 ok=1
Cmd: compileComputeKernel
  api=4 insize=72903 outsize=12700 ok=1
Cmd: compileComputeKernel
  api=4 insize=72903 outsize=5741 ok=1
Cmd: compileComputeKernel
  api=9 insize=11985 outsize=3238 ok=1
Cmd: compileComputeKernel
  api=9 insize=11985 outsize=3238 ok=1
Cmd: compileComputeKernel
  api=9 insize=11985 outsize=3242 ok=1
Cmd: compileComputeKernel
  api=9 insize=11985 outsize=3424 ok=1
Cmd: compileComputeKernel
  api=9 insize=11985 outsize=3288 ok=1
Cmd: compileComputeKernel
  api=9 insize=11985 outsize=3281 ok=1
Cmd: compileComputeKernel
  api=9 insize=11985 outsize=3319 ok=1
Cmd: compileComputeKernel
  api=9 insize=11985 outsize=3473 ok=1
Cmd: compileComputeKernel
  api=4 insize=11985 outsize=1465 ok=1
Cmd: compileComputeKernel
  api=4 insize=11985 outsize=1465 ok=1
Cmd: compileComputeKernel
  api=4 insize=11985 outsize=1465 ok=1
Cmd: compileComputeKernel
  api=4 insize=11985 outsize=1465 ok=1
Cmd: compileComputeKernel
  api=4 insize=11985 outsize=1465 ok=1
Cmd: compileComputeKernel
  api=4 insize=11985 outsize=1620 ok=1
Cmd: compileComputeKernel
  api=4 insize=11985 outsize=1502 ok=1
Cmd: compileComputeKernel
  api=4 insize=11985 outsize=1494 ok=1
Cmd: compileComputeKernel
  api=4 insize=11985 outsize=1495 ok=1
Cmd: compileComputeKernel
  api=4 insize=11985 outsize=1611 ok=1
Cmd: compileComputeKernel
  api=4 insize=11985 outsize=1616 ok=1
Cmd: compileComputeKernel
  api=9 insize=79248 outsize=5815 ok=1
Cmd: compileComputeKernel
  api=9 insize=79248 outsize=23725 ok=1
Cmd: compileComputeKernel
  api=9 insize=79248 outsize=22244 ok=1
Cmd: compileComputeKernel
  api=9 insize=79248 outsize=46492 ok=1
Cmd: compileComputeKernel
  api=9 insize=79248 outsize=50561 ok=1
Cmd: compileComputeKernel
  api=9 insize=79248 outsize=58473 ok=1
Cmd: compileComputeKernel
  api=4 insize=79248 outsize=22142 ok=1
Cmd: compileComputeKernel
  api=4 insize=79248 outsize=24349 ok=1
Cmd: compileComputeKernel
  api=4 insize=79248 outsize=30558 ok=1
Cmd: compileComputeKernel
  api=9 insize=18301 outsize=7430 ok=1
Cmd: compileComputeKernel
  api=9 insize=18301 outsize=7356 ok=1
Cmd: compileComputeKernel
  api=9 insize=18301 outsize=12776 ok=1
Cmd: compileComputeKernel
  api=4 insize=18301 outsize=2213 ok=1
Cmd: compileComputeKernel
  api=4 insize=18301 outsize=3063 ok=1
Cmd: compileComputeKernel
  api=4 insize=18301 outsize=3139 ok=1
Cmd: compileComputeKernel
  api=4 insize=18301 outsize=5425 ok=1
Cmd: compileComputeKernel
  api=9 insize=66874 outsize=3737 ok=1
Cmd: compileComputeKernel
  api=9 insize=66874 outsize=20466 ok=1
Cmd: compileComputeKernel
  api=9 insize=66874 outsize=4621 ok=1
Cmd: compileComputeKernel
  api=9 insize=66874 outsize=3049 ok=1
Cmd: compileComputeKernel
  api=9 insize=66874 outsize=3302 ok=1
Cmd: compileComputeKernel
  api=9 insize=66874 outsize=3708 ok=1
Cmd: compileComputeKernel
  api=9 insize=66874 outsize=3448 ok=1
Cmd: compileComputeKernel
  api=9 insize=66874 outsize=3014 ok=1
Cmd: compileComputeKernel
  api=9 insize=66874 outsize=3118 ok=1
Cmd: compileComputeKernel
  api=9 insize=66874 outsize=3043 ok=1
Cmd: compileComputeKernel
  api=9 insize=66874 outsize=3095 ok=1
Cmd: compileComputeKernel
  api=9 insize=66874 outsize=3331 ok=1
Cmd: compileComputeKernel
  api=9 insize=66874 outsize=3041 ok=1
Cmd: compileComputeKernel
  api=9 insize=66874 outsize=4388 ok=1
Cmd: compileComputeKernel
  api=9 insize=66874 outsize=4248 ok=1
Cmd: compileComputeKernel
  api=9 insize=66874 outsize=4245 ok=1
Cmd: compileComputeKernel
  api=9 insize=66874 outsize=4485 ok=1
Cmd: compileComputeKernel
  api=9 insize=66874 outsize=3062 ok=1
Cmd: compileComputeKernel
  api=9 insize=66874 outsize=3047 ok=1
Cmd: compileComputeKernel
  api=9 insize=66874 outsize=3109 ok=1
Cmd: compileComputeKernel
  api=9 insize=66874 outsize=4526 ok=1
Cmd: compileComputeKernel
  api=9 insize=66874 outsize=6817 ok=1
Cmd: compileComputeKernel
  api=9 insize=66874 outsize=3458 ok=1
Cmd: compileComputeKernel
  api=9 insize=66874 outsize=3985 ok=1
Cmd: compileComputeKernel
  api=9 insize=66874 outsize=3107 ok=1
Cmd: compileComputeKernel
  api=9 insize=66874 outsize=3113 ok=1
Cmd: compileComputeKernel
  api=9 insize=66874 outsize=2327 ok=1
Cmd: compileComputeKernel
  api=9 insize=66874 outsize=5104 ok=1
Cmd: compileComputeKernel
  api=4 insize=66874 outsize=10967 ok=1
Cmd: compileComputeKernel
  api=4 insize=66874 outsize=1489 ok=1
Cmd: compileComputeKernel
  api=4 insize=66874 outsize=1489 ok=1
Cmd: compileComputeKernel
  api=4 insize=66874 outsize=1689 ok=1
Cmd: compileComputeKernel
  api=4 insize=66874 outsize=2029 ok=1
Cmd: compileComputeKernel
  api=4 insize=66874 outsize=1407 ok=1
Cmd: compileComputeKernel
  api=4 insize=66874 outsize=1667 ok=1
Cmd: compileComputeKernel
  api=4 insize=66874 outsize=1597 ok=1
Cmd: compileComputeKernel
  api=4 insize=66874 outsize=1610 ok=1
Cmd: compileComputeKernel
  api=4 insize=66874 outsize=1610 ok=1
Cmd: compileComputeKernel
  api=4 insize=66874 outsize=1287 ok=1
Cmd: compileComputeKernel
  api=4 insize=66874 outsize=1287 ok=1
Cmd: compileComputeKernel
  api=4 insize=66874 outsize=1284 ok=1
Cmd: compileComputeKernel
  api=4 insize=66874 outsize=1285 ok=1
Cmd: compileComputeKernel
  api=4 insize=66874 outsize=1369 ok=1
Cmd: compileComputeKernel
  api=4 insize=66874 outsize=1682 ok=1
Cmd: compileComputeKernel
  api=4 insize=66874 outsize=1383 ok=1
Cmd: compileComputeKernel
  api=4 insize=66874 outsize=1321 ok=1
Cmd: compileComputeKernel
  api=4 insize=66874 outsize=1359 ok=1
Cmd: compileComputeKernel
  api=4 insize=66874 outsize=1861 ok=1
Cmd: compileComputeKernel
  api=4 insize=66874 outsize=1547 ok=1
Cmd: compileComputeKernel
  api=4 insize=66874 outsize=1311 ok=1
Cmd: compileComputeKernel
  api=4 insize=66874 outsize=1777 ok=1
Cmd: compileComputeKernel
  api=4 insize=66874 outsize=1387 ok=1
Cmd: compileComputeKernel
  api=4 insize=66874 outsize=1580 ok=1
Cmd: compileComputeKernel
  api=4 insize=66874 outsize=1823 ok=1
Cmd: compileComputeKernel
  api=4 insize=66874 outsize=1819 ok=1
Cmd: compileComputeKernel
  api=4 insize=66874 outsize=2259 ok=1
Cmd: compileComputeKernel
  api=4 insize=66874 outsize=1819 ok=1
Cmd: compileComputeKernel
  api=4 insize=66874 outsize=1851 ok=1
Cmd: compileComputeKernel
  api=4 insize=66874 outsize=1848 ok=1
Cmd: compileComputeKernel
  api=4 insize=66874 outsize=1853 ok=1
Cmd: compileComputeKernel
  api=4 insize=66874 outsize=1997 ok=1
Cmd: compileComputeKernel
  api=4 insize=66874 outsize=1998 ok=1
Cmd: compileComputeKernel
  api=4 insize=66874 outsize=1326 ok=1
Cmd: compileComputeKernel
  api=4 insize=66874 outsize=1341 ok=1
Cmd: compileComputeKernel
  api=4 insize=66874 outsize=1342 ok=1
Cmd: compileComputeKernel
  api=4 insize=66874 outsize=3004 ok=1
Cmd: compileComputeKernel
  api=4 insize=66874 outsize=3836 ok=1
Cmd: compileComputeKernel
  api=4 insize=66874 outsize=1449 ok=1
Cmd: compileComputeKernel
  api=4 insize=66874 outsize=1680 ok=1
Cmd: compileComputeKernel
  api=4 insize=66874 outsize=1427 ok=1
Cmd: compileComputeKernel
  api=4 insize=66874 outsize=921 ok=1
Cmd: compileComputeKernel
  api=4 insize=66874 outsize=1382 ok=1
Cmd: compileComputeKernel
  api=4 insize=66874 outsize=2591 ok=1
Cmd: compileComputeKernel
  api=9 insize=1900 outsize=6232 ok=1
Cmd: compileComputeKernel
  api=9 insize=34089 outsize=1449 ok=1
Cmd: compileComputeKernel
  api=9 insize=34089 outsize=1869 ok=1
Cmd: compileComputeKernel
  api=9 insize=34089 outsize=1780 ok=1
Cmd: compileComputeKernel
  api=9 insize=34089 outsize=1782 ok=1
Cmd: compileComputeKernel
  api=9 insize=34089 outsize=1527 ok=1
Cmd: compileComputeKernel
  api=9 insize=34089 outsize=2203 ok=1
Cmd: compileComputeKernel
  api=9 insize=34089 outsize=2032 ok=1
Cmd: compileComputeKernel
  api=9 insize=34089 outsize=1666 ok=1
Cmd: compileComputeKernel
  api=9 insize=34089 outsize=1673 ok=1
Cmd: compileComputeKernel
  api=9 insize=34089 outsize=2207 ok=1
Cmd: compileComputeKernel
  api=9 insize=34089 outsize=1932 ok=1
Cmd: compileComputeKernel
  api=9 insize=34089 outsize=1523 ok=1
Cmd: compileComputeKernel
  api=9 insize=34089 outsize=1525 ok=1
Cmd: compileComputeKernel
  api=9 insize=34089 outsize=1879 ok=1
Cmd: compileComputeKernel
  api=9 insize=34089 outsize=2599 ok=1
Cmd: compileComputeKernel
  api=9 insize=34089 outsize=2963 ok=1
Cmd: compileComputeKernel
  api=9 insize=34089 outsize=3160 ok=1
Cmd: compileComputeKernel
  api=9 insize=34089 outsize=2954 ok=1
Cmd: compileComputeKernel
  api=9 insize=34089 outsize=3082 ok=1
Cmd: compileComputeKernel
  api=9 insize=34089 outsize=3049 ok=1
Cmd: compileComputeKernel
  api=9 insize=34089 outsize=3324 ok=1
Cmd: compileComputeKernel
  api=4 insize=34089 outsize=674 ok=1
Cmd: compileComputeKernel
  api=4 insize=34089 outsize=623 ok=1
Cmd: compileComputeKernel
  api=4 insize=34089 outsize=628 ok=1
Cmd: compileComputeKernel
  api=4 insize=34089 outsize=638 ok=1
Cmd: compileComputeKernel
  api=4 insize=34089 outsize=695 ok=1
Cmd: compileComputeKernel
  api=4 insize=34089 outsize=1032 ok=1
Cmd: compileComputeKernel
  api=4 insize=34089 outsize=769 ok=1
Cmd: compileComputeKernel
  api=4 insize=34089 outsize=854 ok=1
Cmd: compileComputeKernel
  api=4 insize=34089 outsize=1292 ok=1
Cmd: compileComputeKernel
  api=4 insize=34089 outsize=1520 ok=1
Cmd: compileComputeKernel
  api=4 insize=34089 outsize=1369 ok=1
Cmd: compileComputeKernel
  api=4 insize=34089 outsize=1311 ok=1
Cmd: compileComputeKernel
  api=4 insize=34089 outsize=1248 ok=1
Cmd: compileComputeKernel
  api=4 insize=34089 outsize=1288 ok=1
Cmd: compileComputeKernel
  api=4 insize=34089 outsize=1284 ok=1
Cmd: compileComputeKernel
  api=4 insize=34089 outsize=1369 ok=1
Cmd: compileComputeKernel
  api=4 insize=34089 outsize=1631 ok=1
Cmd: compileComputeKernel
  api=4 insize=34089 outsize=1387 ok=1
Cmd: compileComputeKernel
  api=4 insize=34089 outsize=1324 ok=1
Cmd: initializeCompiler
Cmd: compileComputeKernel
  api=9 insize=222 outsize=2000 ok=1
Cmd: compileComputeKernel
  api=4 insize=222 outsize=680 ok=1
Cmd: compileComputeKernel
  api=4 insize=222 outsize=622 ok=1
Cmd: compileComputeKernel
  api=9 insize=2847 outsize=7211 ok=1
Cmd: compileComputeKernel
  api=4 insize=2847 outsize=3574 ok=1
Cmd: compileComputeKernel
  api=9 insize=3405 outsize=45243 ok=1
Cmd: compileComputeKernel
  api=9 insize=3405 outsize=67774 ok=1
Cmd: compileComputeKernel
  api=9 insize=3405 outsize=71233 ok=1
Cmd: compileComputeKernel
  api=4 insize=3405 outsize=27630 ok=1
Cmd: compileComputeKernel
  api=4 insize=3405 outsize=25006 ok=1
Cmd: compileComputeKernel
  api=4 insize=3405 outsize=1572 ok=1
Cmd: compileComputeKernel
  api=4 insize=3405 outsize=1969 ok=1
Cmd: compileComputeKernel
  api=4 insize=3405 outsize=1905 ok=1
Cmd: compileComputeKernel
  api=4 insize=3405 outsize=15720 ok=1
Cmd: compileComputeKernel
  api=9 insize=18478 outsize=15103 ok=1
Cmd: compileComputeKernel
  api=9 insize=18478 outsize=30784 ok=1
Cmd: compileComputeKernel
  api=4 insize=18478 outsize=7656 ok=1
Cmd: compileComputeKernel
  api=4 insize=18478 outsize=37036 ok=1
Cmd: compileComputeKernel
  api=9 insize=759 outsize=1460 ok=1
Cmd: compileComputeKernel
  api=9 insize=759 outsize=1527 ok=1
Cmd: compileComputeKernel
  api=9 insize=759 outsize=2317 ok=1
Cmd: compileComputeKernel
  api=9 insize=759 outsize=2107 ok=1
Cmd: compileComputeKernel
  api=9 insize=759 outsize=2104 ok=1
Cmd: compileComputeKernel
  api=9 insize=759 outsize=2074 ok=1
Cmd: compileComputeKernel
  api=9 insize=759 outsize=2085 ok=1
Cmd: compileComputeKernel
  api=4 insize=759 outsize=682 ok=1
Cmd: compileComputeKernel
  api=4 insize=759 outsize=711 ok=1
Cmd: compileComputeKernel
  api=4 insize=759 outsize=1005 ok=1
Cmd: compileComputeKernel
  api=4 insize=759 outsize=854 ok=1
Cmd: compileComputeKernel
  api=4 insize=759 outsize=848 ok=1
Cmd: compileComputeKernel
  api=4 insize=759 outsize=805 ok=1
Cmd: compileComputeKernel
  api=4 insize=759 outsize=837 ok=1
Cmd: compileComputeKernel
  api=4 insize=759 outsize=1134 ok=1
Cmd: compileComputeKernel
  api=9 insize=958 outsize=3380 ok=1
Cmd: compileComputeKernel
  api=9 insize=958 outsize=3381 ok=1
Cmd: compileComputeKernel
  api=9 insize=958 outsize=3563 ok=1
Cmd: compileComputeKernel
  api=9 insize=958 outsize=3418 ok=1
Cmd: compileComputeKernel
  api=9 insize=958 outsize=3623 ok=1
Cmd: compileComputeKernel
  api=9 insize=958 outsize=3956 ok=1
Cmd: compileComputeKernel
  api=4 insize=958 outsize=1465 ok=1
Cmd: compileComputeKernel
  api=4 insize=958 outsize=1465 ok=1
Cmd: compileComputeKernel
  api=4 insize=958 outsize=1502 ok=1
Cmd: compileComputeKernel
  api=4 insize=958 outsize=1611 ok=1
Cmd: compileComputeKernel
  api=9 insize=13363 outsize=22629 ok=1
Cmd: compileComputeKernel
  api=9 insize=13363 outsize=20531 ok=1
Cmd: compileComputeKernel
  api=4 insize=13363 outsize=10970 ok=1
Cmd: compileComputeKernel
  api=9 insize=775 outsize=23832 ok=1
Cmd: compileComputeKernel
  api=4 insize=775 outsize=4420 ok=1
Cmd: compileComputeKernel
  api=4 insize=775 outsize=12420 ok=1
Cmd: compileComputeKernel
  api=9 insize=13751 outsize=2685 ok=1
Cmd: compileComputeKernel
  api=9 insize=13751 outsize=2784 ok=1
Cmd: compileComputeKernel
  api=9 insize=13751 outsize=4217 ok=1
Cmd: compileComputeKernel
  api=9 insize=13751 outsize=5296 ok=1
Cmd: compileComputeKernel
  api=9 insize=13751 outsize=6227 ok=1
Cmd: compileComputeKernel
  api=4 insize=13751 outsize=2218 ok=1
Cmd: compileComputeKernel
  api=9 insize=11929 outsize=6963 ok=1
Cmd: compileComputeKernel
  api=9 insize=11929 outsize=7023 ok=1
Cmd: compileComputeKernel
  api=9 insize=11929 outsize=7013 ok=1
Cmd: compileComputeKernel
  api=4 insize=11929 outsize=2375 ok=1
Cmd: compileComputeKernel
  api=4 insize=11929 outsize=2274 ok=1
Cmd: compileComputeKernel
  api=4 insize=11929 outsize=2916 ok=1
Cmd: compileComputeKernel
  api=4 insize=11929 outsize=2246 ok=1
Cmd: compileComputeKernel
  api=4 insize=11929 outsize=2885 ok=1
Cmd: compileComputeKernel
  api=9 insize=76455 outsize=16891 ok=1
Cmd: compileComputeKernel
  api=9 insize=76455 outsize=23037 ok=1
Cmd: compileComputeKernel
  api=4 insize=76455 outsize=2756 ok=1
Cmd: compileComputeKernel
  api=4 insize=76455 outsize=7888 ok=1
Cmd: compileComputeKernel
  api=4 insize=3167 outsize=923 ok=1
Cmd: compileComputeKernel
  api=4 insize=3167 outsize=2266 ok=1
Cmd: compileComputeKernel
  api=9 insize=776 outsize=9132 ok=1
Cmd: compileComputeKernel
  error: 1 plat 9 at Conv2d.cginc(756): signed/unsigned mismatch, unsigned assumed
  api=9 insize=776 outsize=19814 ok=1
Cmd: compileComputeKernel
  api=4 insize=776 outsize=2787 ok=1
Cmd: compileComputeKernel
  api=4 insize=776 outsize=6364 ok=1
Cmd: compileComputeKernel
  api=9 insize=20570 outsize=28500 ok=1
Cmd: compileComputeKernel
  api=9 insize=20570 outsize=31364 ok=1
Cmd: compileComputeKernel
  api=4 insize=20570 outsize=37617 ok=1
Cmd: compileComputeKernel
  api=4 insize=20570 outsize=14180 ok=1
Cmd: compileComputeKernel
  api=9 insize=82071 outsize=3784 ok=1
Cmd: compileComputeKernel
  api=9 insize=82071 outsize=6464 ok=1
Cmd: compileComputeKernel
  api=9 insize=82071 outsize=22049 ok=1
Cmd: compileComputeKernel
  api=9 insize=82071 outsize=5334 ok=1
Cmd: compileComputeKernel
  api=9 insize=82071 outsize=3655 ok=1
Cmd: compileComputeKernel
  api=9 insize=82071 outsize=3660 ok=1
Cmd: compileComputeKernel
  api=9 insize=82071 outsize=6650 ok=1
Cmd: compileComputeKernel
  api=9 insize=82071 outsize=6761 ok=1
Cmd: compileComputeKernel
  api=9 insize=82071 outsize=6696 ok=1
Cmd: compileComputeKernel
  api=9 insize=82071 outsize=6702 ok=1
Cmd: compileComputeKernel
  api=9 insize=82071 outsize=6713 ok=1
Cmd: compileComputeKernel
  api=9 insize=82071 outsize=3818 ok=1
Cmd: compileComputeKernel
  api=9 insize=82071 outsize=3887 ok=1
Cmd: compileComputeKernel
  api=9 insize=82071 outsize=6923 ok=1
Cmd: compileComputeKernel
  api=9 insize=82071 outsize=6760 ok=1
Cmd: compileComputeKernel
  api=9 insize=82071 outsize=6811 ok=1
Cmd: compileComputeKernel
  api=9 insize=82071 outsize=7155 ok=1
Cmd: compileComputeKernel
  api=9 insize=82071 outsize=6758 ok=1
Cmd: compileComputeKernel
  api=9 insize=82071 outsize=7559 ok=1
Cmd: compileComputeKernel
  api=9 insize=82071 outsize=6941 ok=1
Cmd: compileComputeKernel
  api=9 insize=82071 outsize=6940 ok=1
Cmd: compileComputeKernel
  api=9 insize=82071 outsize=6934 ok=1
Cmd: compileComputeKernel
  api=9 insize=82071 outsize=6912 ok=1
Cmd: compileComputeKernel
  api=9 insize=82071 outsize=6915 ok=1
Cmd: compileComputeKernel
  api=9 insize=82071 outsize=6823 ok=1
Cmd: compileComputeKernel
  api=9 insize=82071 outsize=3083 ok=1
Cmd: compileComputeKernel
  api=9 insize=82071 outsize=3827 ok=1
Cmd: compileComputeKernel
  api=9 insize=82071 outsize=10724 ok=1
Cmd: compileComputeKernel
  api=9 insize=82071 outsize=10721 ok=1
Cmd: compileComputeKernel
  api=9 insize=82071 outsize=10725 ok=1
Cmd: compileComputeKernel
  api=9 insize=82071 outsize=10615 ok=1
Cmd: compileComputeKernel
  api=9 insize=82071 outsize=10671 ok=1
Cmd: compileComputeKernel
  api=9 insize=82071 outsize=10784 ok=1
Cmd: compileComputeKernel
  api=9 insize=82071 outsize=10670 ok=1
Cmd: compileComputeKernel
  api=9 insize=82071 outsize=10993 ok=1
Cmd: compileComputeKernel
  api=9 insize=82071 outsize=6765 ok=1
Cmd: compileComputeKernel
  api=9 insize=82071 outsize=13861 ok=1
Cmd: compileComputeKernel
  api=9 insize=82071 outsize=7550 ok=1
Cmd: compileComputeKernel
  api=9 insize=82071 outsize=6685 ok=1
Cmd: compileComputeKernel
  api=9 insize=82071 outsize=6887 ok=1
Cmd: compileComputeKernel
  api=9 insize=82071 outsize=4503 ok=1
Cmd: compileComputeKernel
  api=9 insize=82071 outsize=4005 ok=1
Cmd: compileComputeKernel
  api=9 insize=82071 outsize=7185 ok=1
Cmd: compileComputeKernel
  api=9 insize=82071 outsize=2376 ok=1
Cmd: compileComputeKernel
  api=9 insize=82071 outsize=5178 ok=1
Cmd: compileComputeKernel
  api=9 insize=82071 outsize=6265 ok=1
Cmd: compileComputeKernel
  api=9 insize=82071 outsize=7216 ok=1
Cmd: compileComputeKernel
  api=9 insize=82071 outsize=9542 ok=1
Cmd: compileComputeKernel
  api=4 insize=82071 outsize=1532 ok=1
Cmd: compileComputeKernel
  api=4 insize=82071 outsize=3818 ok=1
Cmd: compileComputeKernel
  api=4 insize=82071 outsize=2795 ok=1
Cmd: compileComputeKernel
  api=4 insize=82071 outsize=3099 ok=1
Cmd: compileComputeKernel
  api=4 insize=82071 outsize=1579 ok=1
Cmd: compileComputeKernel
  api=4 insize=82071 outsize=2187 ok=1
Cmd: compileComputeKernel
  api=4 insize=82071 outsize=5212 ok=1
Cmd: compileComputeKernel
  api=4 insize=82071 outsize=1489 ok=1
Cmd: compileComputeKernel
  api=4 insize=82071 outsize=1335 ok=1
Cmd: compileComputeKernel
  api=4 insize=82071 outsize=1495 ok=1
Cmd: compileComputeKernel
  api=4 insize=82071 outsize=3685 ok=1
Cmd: compileComputeKernel
  api=4 insize=82071 outsize=4086 ok=1
Cmd: compileComputeKernel
  api=4 insize=82071 outsize=3375 ok=1
Cmd: compileComputeKernel
  api=4 insize=82071 outsize=3373 ok=1
Cmd: compileComputeKernel
  api=4 insize=82071 outsize=3398 ok=1
Cmd: compileComputeKernel
  api=4 insize=82071 outsize=3457 ok=1
Cmd: compileComputeKernel
  api=4 insize=82071 outsize=3480 ok=1
Cmd: compileComputeKernel
  api=4 insize=82071 outsize=3409 ok=1
Cmd: compileComputeKernel
  api=4 insize=82071 outsize=3553 ok=1
Cmd: compileComputeKernel
  api=4 insize=82071 outsize=3635 ok=1
Cmd: compileComputeKernel
  api=4 insize=82071 outsize=3399 ok=1
Cmd: compileComputeKernel
  api=4 insize=82071 outsize=3372 ok=1
Cmd: compileComputeKernel
  api=4 insize=82071 outsize=3684 ok=1
Cmd: compileComputeKernel
  api=4 insize=82071 outsize=3716 ok=1
Cmd: compileComputeKernel
  api=4 insize=82071 outsize=3916 ok=1
Cmd: compileComputeKernel
  api=4 insize=82071 outsize=3375 ok=1
Cmd: compileComputeKernel
  api=4 insize=82071 outsize=3375 ok=1
Cmd: compileComputeKernel
  api=4 insize=82071 outsize=3407 ok=1
Cmd: compileComputeKernel
  api=4 insize=82071 outsize=3576 ok=1
Cmd: compileComputeKernel
  api=4 insize=82071 outsize=4419 ok=1
Cmd: compileComputeKernel
  api=4 insize=82071 outsize=5043 ok=1
Cmd: compileComputeKernel
  api=4 insize=82071 outsize=5039 ok=1
Cmd: compileComputeKernel
  api=4 insize=82071 outsize=5039 ok=1
Cmd: compileComputeKernel
  api=4 insize=82071 outsize=5194 ok=1
Cmd: compileComputeKernel
  api=4 insize=82071 outsize=5076 ok=1
Cmd: compileComputeKernel
  api=4 insize=82071 outsize=5073 ok=1
Cmd: compileComputeKernel
  api=4 insize=82071 outsize=5217 ok=1
Cmd: compileComputeKernel
  api=4 insize=82071 outsize=5218 ok=1
Cmd: compileComputeKernel
  api=4 insize=82071 outsize=3460 ok=1
Cmd: compileComputeKernel
  api=4 insize=82071 outsize=3574 ok=1
Cmd: compileComputeKernel
  api=4 insize=82071 outsize=3309 ok=1
Cmd: compileComputeKernel
  api=4 insize=82071 outsize=3309 ok=1
Cmd: compileComputeKernel
  api=4 insize=82071 outsize=3430 ok=1
Cmd: compileComputeKernel
  api=4 insize=82071 outsize=2210 ok=1
Cmd: compileComputeKernel
  api=4 insize=82071 outsize=1680 ok=1
Cmd: compileComputeKernel
  api=4 insize=82071 outsize=3761 ok=1
Cmd: compileComputeKernel
  api=4 insize=82071 outsize=923 ok=1
Cmd: compileComputeKernel
  api=4 insize=82071 outsize=2266 ok=1
Cmd: compileComputeKernel
  api=4 insize=82071 outsize=1927 ok=1
Cmd: compileComputeKernel
  api=4 insize=82071 outsize=3638 ok=1
Cmd: compileComputeKernel
  api=4 insize=82071 outsize=4571 ok=1
Cmd: compileComputeKernel
  api=9 insize=4231 outsize=7319 ok=1
Cmd: compileComputeKernel
  api=4 insize=4231 outsize=2026 ok=1
Cmd: compileComputeKernel
  api=4 insize=4231 outsize=3004 ok=1
Cmd: compileComputeKernel
  api=9 insize=4442 outsize=3031 ok=1
Cmd: compileComputeKernel
  api=9 insize=4442 outsize=3869 ok=1
Cmd: compileComputeKernel
  api=4 insize=4442 outsize=1590 ok=1
Cmd: compileComputeKernel
  api=4 insize=4442 outsize=1684 ok=1
Cmd: compileComputeKernel
  api=4 insize=1900 outsize=3122 ok=1
Cmd: compileComputeKernel
  api=9 insize=958 outsize=3377 ok=1
Cmd: compileComputeKernel
  api=9 insize=958 outsize=3563 ok=1
Cmd: compileComputeKernel
  api=9 insize=958 outsize=3424 ok=1
Cmd: compileComputeKernel
  api=9 insize=958 outsize=3612 ok=1
Cmd: compileComputeKernel
  api=4 insize=958 outsize=1465 ok=1
Cmd: compileComputeKernel
  api=4 insize=958 outsize=1465 ok=1
Cmd: compileComputeKernel
  api=4 insize=958 outsize=1502 ok=1
Cmd: compileComputeKernel
  api=4 insize=958 outsize=1495 ok=1
Cmd: compileComputeKernel
  api=4 insize=958 outsize=1528 ok=1
Cmd: compileComputeKernel
  api=9 insize=467 outsize=4768 ok=1
Cmd: compileComputeKernel
  api=9 insize=467 outsize=7070 ok=1
Cmd: compileComputeKernel
  api=4 insize=467 outsize=2233 ok=1
Cmd: compileComputeKernel
  api=4 insize=467 outsize=3147 ok=1
Cmd: compileComputeKernel
  api=4 insize=467 outsize=5633 ok=1
Cmd: compileComputeKernel
  api=9 insize=467 outsize=7624 ok=1
Cmd: compileComputeKernel
  api=9 insize=467 outsize=12860 ok=1
Cmd: compileComputeKernel
  api=4 insize=467 outsize=3276 ok=1
Cmd: compileComputeKernel
  api=9 insize=10641 outsize=1978 ok=1
Cmd: compileComputeKernel
  api=9 insize=10641 outsize=1976 ok=1
Cmd: compileComputeKernel
  api=9 insize=10641 outsize=1455 ok=1
Cmd: compileComputeKernel
  api=9 insize=10641 outsize=1986 ok=1
Cmd: compileComputeKernel
  api=9 insize=10641 outsize=2020 ok=1
Cmd: compileComputeKernel
  api=9 insize=10641 outsize=1523 ok=1
Cmd: compileComputeKernel
  api=9 insize=10641 outsize=2020 ok=1
Cmd: compileComputeKernel
  api=9 insize=10641 outsize=2179 ok=1
Cmd: compileComputeKernel
  api=9 insize=10641 outsize=2329 ok=1
Cmd: compileComputeKernel
  api=9 insize=10641 outsize=1746 ok=1
Cmd: compileComputeKernel
  api=9 insize=10641 outsize=2388 ok=1
Cmd: compileComputeKernel
  api=9 insize=10641 outsize=2150 ok=1
Cmd: compileComputeKernel
  api=9 insize=10641 outsize=2032 ok=1
Cmd: compileComputeKernel
  api=9 insize=10641 outsize=1449 ok=1
Cmd: compileComputeKernel
  api=9 insize=10641 outsize=1727 ok=1
Cmd: compileComputeKernel
  api=9 insize=10641 outsize=1449 ok=1
Cmd: compileComputeKernel
  api=9 insize=10641 outsize=2144 ok=1
Cmd: compileComputeKernel
  api=9 insize=10641 outsize=2941 ok=1
Cmd: compileComputeKernel
  api=9 insize=10641 outsize=3070 ok=1
Cmd: compileComputeKernel
  api=9 insize=10641 outsize=3104 ok=1
Cmd: compileComputeKernel
  api=9 insize=10641 outsize=4012 ok=1
Cmd: compileComputeKernel
  api=9 insize=10641 outsize=3321 ok=1
Cmd: compileComputeKernel
  api=9 insize=10641 outsize=3324 ok=1
Cmd: compileComputeKernel
  api=9 insize=10641 outsize=3181 ok=1
Cmd: compileComputeKernel
  api=9 insize=10641 outsize=3201 ok=1
Cmd: compileComputeKernel
  api=9 insize=10641 outsize=3061 ok=1
Cmd: compileComputeKernel
  api=9 insize=10641 outsize=3189 ok=1
Cmd: compileComputeKernel
  api=9 insize=10641 outsize=3031 ok=1
Cmd: compileComputeKernel
  api=9 insize=10641 outsize=3101 ok=1
Cmd: compileComputeKernel
  api=9 insize=10641 outsize=2977 ok=1
Cmd: compileComputeKernel
  api=9 insize=10641 outsize=2937 ok=1
Cmd: compileComputeKernel
  api=9 insize=10641 outsize=3019 ok=1
Cmd: compileComputeKernel
  api=9 insize=10641 outsize=3161 ok=1
Cmd: compileComputeKernel
  api=9 insize=10641 outsize=3706 ok=1
Cmd: compileComputeKernel
  api=9 insize=10641 outsize=3167 ok=1
Cmd: compileComputeKernel
  api=9 insize=10641 outsize=3525 ok=1
Cmd: compileComputeKernel
  api=9 insize=10641 outsize=3108 ok=1
Cmd: compileComputeKernel
  api=9 insize=10641 outsize=3460 ok=1
Cmd: compileComputeKernel
  api=9 insize=10641 outsize=3107 ok=1
Cmd: compileComputeKernel
  api=9 insize=10641 outsize=3722 ok=1
Cmd: compileComputeKernel
  api=9 insize=10641 outsize=3100 ok=1
Cmd: compileComputeKernel
  api=9 insize=10641 outsize=3166 ok=1
Cmd: compileComputeKernel
  api=9 insize=10641 outsize=3099 ok=1
Cmd: compileComputeKernel
  api=9 insize=10641 outsize=2935 ok=1
Cmd: compileComputeKernel
  api=9 insize=10641 outsize=3017 ok=1
Cmd: compileComputeKernel
  api=9 insize=10641 outsize=3164 ok=1
Cmd: compileComputeKernel
  api=9 insize=10641 outsize=3155 ok=1
Cmd: compileComputeKernel
  api=4 insize=10641 outsize=629 ok=1
Cmd: compileComputeKernel
  api=4 insize=10641 outsize=677 ok=1
Cmd: compileComputeKernel
  api=4 insize=10641 outsize=772 ok=1
Cmd: compileComputeKernel
  api=4 insize=10641 outsize=622 ok=1
Cmd: compileComputeKernel
  api=4 insize=10641 outsize=623 ok=1
Cmd: compileComputeKernel
  api=4 insize=10641 outsize=623 ok=1
Cmd: compileComputeKernel
  api=4 insize=10641 outsize=937 ok=1
Cmd: compileComputeKernel
  api=4 insize=10641 outsize=782 ok=1
Cmd: compileComputeKernel
  api=4 insize=10641 outsize=834 ok=1
Cmd: compileComputeKernel
  api=4 insize=10641 outsize=1023 ok=1
Cmd: compileComputeKernel
  api=4 insize=10641 outsize=701 ok=1
Cmd: compileComputeKernel
  api=4 insize=10641 outsize=701 ok=1
Cmd: compileComputeKernel
  api=4 insize=10641 outsize=796 ok=1
Cmd: compileComputeKernel
  api=4 insize=10641 outsize=854 ok=1
Cmd: compileComputeKernel
  api=4 insize=10641 outsize=762 ok=1
Cmd: compileComputeKernel
  api=4 insize=10641 outsize=986 ok=1
Cmd: compileComputeKernel
  api=4 insize=10641 outsize=787 ok=1
Cmd: compileComputeKernel
  api=4 insize=10641 outsize=882 ok=1
Cmd: compileComputeKernel
  api=4 insize=10641 outsize=1113 ok=1
Cmd: compileComputeKernel
  api=4 insize=10641 outsize=1218 ok=1
Cmd: compileComputeKernel
  api=4 insize=10641 outsize=1710 ok=1
Cmd: compileComputeKernel
  api=4 insize=10641 outsize=677 ok=1
Cmd: compileComputeKernel
  api=4 insize=10641 outsize=782 ok=1
Cmd: compileComputeKernel
  api=4 insize=10641 outsize=881 ok=1
Cmd: compileComputeKernel
  api=4 insize=10641 outsize=1292 ok=1
Cmd: compileComputeKernel
  api=4 insize=10641 outsize=1321 ok=1
Cmd: compileComputeKernel
  api=4 insize=10641 outsize=1796 ok=1
Cmd: compileComputeKernel
  api=4 insize=10641 outsize=1547 ok=1
Cmd: compileComputeKernel
  api=4 insize=10641 outsize=1457 ok=1
Cmd: compileComputeKernel
  api=4 insize=10641 outsize=1392 ok=1
Cmd: compileComputeKernel
  api=4 insize=10641 outsize=1363 ok=1
Cmd: compileComputeKernel
  api=4 insize=10641 outsize=1465 ok=1
Cmd: compileComputeKernel
  api=4 insize=10641 outsize=1296 ok=1
Cmd: compileComputeKernel
  api=4 insize=10641 outsize=1248 ok=1
Cmd: compileComputeKernel
  api=4 insize=10641 outsize=1284 ok=1
Cmd: compileComputeKernel
  api=4 insize=10641 outsize=1369 ok=1
Cmd: compileComputeKernel
  api=4 insize=10641 outsize=1830 ok=1
Cmd: compileComputeKernel
  api=4 insize=10641 outsize=1324 ok=1
Cmd: compileComputeKernel
  api=4 insize=10641 outsize=1533 ok=1
Cmd: compileComputeKernel
  api=4 insize=10641 outsize=1628 ok=1
Cmd: compileComputeKernel
  api=4 insize=10641 outsize=1334 ok=1
Cmd: compileComputeKernel
  api=4 insize=10641 outsize=1401 ok=1
Cmd: compileComputeKernel
  api=4 insize=10641 outsize=1287 ok=1
Cmd: compileComputeKernel
  api=4 insize=10641 outsize=1357 ok=1
Cmd: compileComputeKernel
  api=4 insize=10641 outsize=1264 ok=1
Cmd: compileComputeKernel
  api=4 insize=10641 outsize=1384 ok=1
Cmd: compileComputeKernel
  api=4 insize=10641 outsize=1319 ok=1
Cmd: initializeCompiler
Cmd: compileComputeKernel
  api=9 insize=4458 outsize=5422 ok=1
Cmd: compileComputeKernel
  api=4 insize=4458 outsize=2265 ok=1
Cmd: compileComputeKernel
  api=4 insize=4458 outsize=3004 ok=1
