Base path: 'C:/Program Files/Unity/Hub/Editor/2019.2.10f1/Editor/Data', plugins path 'C:/Program Files/Unity/Hub/Editor/2019.2.10f1/Editor/Data/PlaybackEngines'
Cmd: initializeCompiler
Cmd: compileComputeKernel
  api=9 insize=12109 outsize=3457 ok=1
Cmd: compileComputeKernel
  api=9 insize=12109 outsize=3848 ok=1
Cmd: compileComputeKernel
  api=9 insize=12109 outsize=3897 ok=1
Cmd: compileComputeKernel
  api=9 insize=12109 outsize=4035 ok=1
Cmd: compileComputeKernel
  api=9 insize=12109 outsize=5168 ok=1
Cmd: compileComputeKernel
  api=9 insize=12109 outsize=2911 ok=1
Cmd: compileComputeKernel
  api=4 insize=12109 outsize=1558 ok=1
Cmd: compileComputeKernel
  api=4 insize=12109 outsize=1046 ok=1
Cmd: compileComputeKernel
  api=4 insize=12109 outsize=1198 ok=1
Cmd: compileComputeKernel
  api=4 insize=12109 outsize=1848 ok=1
Cmd: compileComputeKernel
  api=4 insize=12109 outsize=1579 ok=1
Cmd: compileComputeKernel
  api=4 insize=12109 outsize=2479 ok=1
Cmd: compileComputeKernel
  api=4 insize=12109 outsize=1364 ok=1
Cmd: compileComputeKernel
  api=4 insize=12109 outsize=1364 ok=1
Cmd: compileComputeKernel
  api=9 insize=72903 outsize=16784 ok=1
Cmd: compileComputeKernel
  api=9 insize=72903 outsize=12536 ok=1
Cmd: compileComputeKernel
  api=4 insize=72903 outsize=2756 ok=1
Cmd: compileComputeKernel
  api=4 insize=72903 outsize=7768 ok=1
Cmd: compileComputeKernel
  api=9 insize=11985 outsize=3241 ok=1
Cmd: compileComputeKernel
  api=9 insize=11985 outsize=3238 ok=1
Cmd: compileComputeKernel
  api=9 insize=11985 outsize=3242 ok=1
Cmd: compileComputeKernel
  api=9 insize=11985 outsize=3424 ok=1
Cmd: compileComputeKernel
  api=9 insize=11985 outsize=3279 ok=1
Cmd: compileComputeKernel
  api=9 insize=11985 outsize=3281 ok=1
Cmd: compileComputeKernel
  api=9 insize=11985 outsize=3319 ok=1
Cmd: compileComputeKernel
  api=4 insize=11985 outsize=1469 ok=1
Cmd: compileComputeKernel
  api=4 insize=11985 outsize=1465 ok=1
Cmd: compileComputeKernel
  api=9 insize=79248 outsize=5796 ok=1
Cmd: compileComputeKernel
  api=9 insize=79248 outsize=28170 ok=1
Cmd: compileComputeKernel
  api=9 insize=79248 outsize=56344 ok=1
Cmd: compileComputeKernel
  api=9 insize=79248 outsize=68893 ok=1
Cmd: compileComputeKernel
  api=9 insize=79248 outsize=8992 ok=1
Cmd: compileComputeKernel
  api=9 insize=79248 outsize=9025 ok=1
Cmd: compileComputeKernel
  api=9 insize=79248 outsize=6570 ok=1
Cmd: compileComputeKernel
  api=9 insize=79248 outsize=6571 ok=1
Cmd: compileComputeKernel
  api=9 insize=79248 outsize=7946 ok=1
Cmd: compileComputeKernel
  api=9 insize=79248 outsize=7937 ok=1
Cmd: compileComputeKernel
  api=9 insize=79248 outsize=10314 ok=1
Cmd: compileComputeKernel
  api=9 insize=79248 outsize=24881 ok=1
Cmd: compileComputeKernel
  api=4 insize=79248 outsize=2787 ok=1
Cmd: compileComputeKernel
  api=4 insize=79248 outsize=6364 ok=1
Cmd: compileComputeKernel
  api=4 insize=79248 outsize=14204 ok=1
Cmd: compileComputeKernel
  api=4 insize=79248 outsize=10704 ok=1
Cmd: compileComputeKernel
  api=4 insize=79248 outsize=27514 ok=1
Cmd: compileComputeKernel
  api=4 insize=79248 outsize=24890 ok=1
Cmd: compileComputeKernel
  api=4 insize=79248 outsize=1572 ok=1
Cmd: compileComputeKernel
  api=4 insize=79248 outsize=1969 ok=1
Cmd: compileComputeKernel
  api=4 insize=79248 outsize=1905 ok=1
Cmd: compileComputeKernel
  api=4 insize=79248 outsize=5359 ok=1
Cmd: compileComputeKernel
  api=4 insize=79248 outsize=12876 ok=1
Cmd: compileComputeKernel
  api=9 insize=18301 outsize=4617 ok=1
Cmd: compileComputeKernel
  api=9 insize=18301 outsize=7178 ok=1
Cmd: compileComputeKernel
  api=9 insize=18301 outsize=7250 ok=1
Cmd: compileComputeKernel
  api=9 insize=18301 outsize=12205 ok=1
Cmd: compileComputeKernel
  api=4 insize=18301 outsize=2233 ok=1
Cmd: compileComputeKernel
  api=4 insize=18301 outsize=2137 ok=1
Cmd: compileComputeKernel
  api=4 insize=18301 outsize=3271 ok=1
Cmd: compileComputeKernel
  api=4 insize=18301 outsize=3003 ok=1
Cmd: compileComputeKernel
  api=4 insize=18301 outsize=5661 ok=1
Cmd: compileComputeKernel
  api=9 insize=66874 outsize=3737 ok=1
Cmd: compileComputeKernel
  api=9 insize=66874 outsize=22002 ok=1
Cmd: compileComputeKernel
  api=9 insize=66874 outsize=3673 ok=1
Cmd: compileComputeKernel
  api=9 insize=66874 outsize=3192 ok=1
Cmd: compileComputeKernel
  api=9 insize=66874 outsize=6812 ok=1
Cmd: compileComputeKernel
  api=9 insize=66874 outsize=3043 ok=1
Cmd: compileComputeKernel
  api=9 insize=66874 outsize=2997 ok=1
Cmd: compileComputeKernel
  api=9 insize=66874 outsize=3001 ok=1
Cmd: compileComputeKernel
  api=9 insize=66874 outsize=3014 ok=1
Cmd: compileComputeKernel
  api=9 insize=66874 outsize=3496 ok=1
Cmd: compileComputeKernel
  api=9 insize=66874 outsize=3565 ok=1
Cmd: compileComputeKernel
  api=9 insize=66874 outsize=3095 ok=1
Cmd: compileComputeKernel
  api=9 insize=66874 outsize=3040 ok=1
Cmd: compileComputeKernel
  api=9 insize=66874 outsize=3001 ok=1
Cmd: compileComputeKernel
  api=9 insize=66874 outsize=3106 ok=1
Cmd: compileComputeKernel
  api=9 insize=66874 outsize=3036 ok=1
Cmd: compileComputeKernel
  api=9 insize=66874 outsize=4198 ok=1
Cmd: compileComputeKernel
  api=9 insize=66874 outsize=4198 ok=1
Cmd: compileComputeKernel
  api=9 insize=66874 outsize=4198 ok=1
Cmd: compileComputeKernel
  api=9 insize=66874 outsize=4202 ok=1
Cmd: compileComputeKernel
  api=9 insize=66874 outsize=4202 ok=1
Cmd: compileComputeKernel
  api=9 insize=66874 outsize=4242 ok=1
Cmd: compileComputeKernel
  api=9 insize=66874 outsize=4248 ok=1
Cmd: compileComputeKernel
  api=9 insize=66874 outsize=4245 ok=1
Cmd: compileComputeKernel
  api=9 insize=66874 outsize=4241 ok=1
Cmd: compileComputeKernel
  api=9 insize=66874 outsize=4484 ok=1
Cmd: compileComputeKernel
  api=9 insize=66874 outsize=4485 ok=1
Cmd: compileComputeKernel
  api=9 insize=66874 outsize=3048 ok=1
Cmd: compileComputeKernel
  api=9 insize=66874 outsize=3063 ok=1
Cmd: compileComputeKernel
  api=9 insize=66874 outsize=2979 ok=1
Cmd: compileComputeKernel
  api=9 insize=66874 outsize=7214 ok=1
Cmd: compileComputeKernel
  api=9 insize=66874 outsize=3452 ok=1
Cmd: compileComputeKernel
  api=9 insize=66874 outsize=3958 ok=1
Cmd: compileComputeKernel
  api=9 insize=66874 outsize=4078 ok=1
Cmd: compileComputeKernel
  api=9 insize=66874 outsize=5349 ok=1
Cmd: compileComputeKernel
  api=9 insize=66874 outsize=3162 ok=1
Cmd: compileComputeKernel
  api=4 insize=66874 outsize=1686 ok=1
Cmd: compileComputeKernel
  api=4 insize=66874 outsize=2850 ok=1
Cmd: compileComputeKernel
  api=4 insize=66874 outsize=10239 ok=1
Cmd: compileComputeKernel
  api=4 insize=66874 outsize=2077 ok=1
Cmd: compileComputeKernel
  api=4 insize=66874 outsize=1335 ok=1
Cmd: compileComputeKernel
  api=4 insize=66874 outsize=1495 ok=1
Cmd: compileComputeKernel
  api=4 insize=66874 outsize=1597 ok=1
Cmd: compileComputeKernel
  api=4 insize=66874 outsize=3271 ok=1
Cmd: compileComputeKernel
  api=4 insize=66874 outsize=1324 ok=1
Cmd: compileComputeKernel
  api=4 insize=66874 outsize=1287 ok=1
Cmd: compileComputeKernel
  api=4 insize=66874 outsize=1284 ok=1
Cmd: compileComputeKernel
  api=4 insize=66874 outsize=1285 ok=1
Cmd: compileComputeKernel
  api=4 insize=66874 outsize=1310 ok=1
Cmd: compileComputeKernel
  api=4 insize=66874 outsize=1631 ok=1
Cmd: compileComputeKernel
  api=4 insize=66874 outsize=1520 ok=1
Cmd: compileComputeKernel
  api=4 insize=66874 outsize=1321 ok=1
Cmd: compileComputeKernel
  api=4 insize=66874 outsize=1465 ok=1
Cmd: compileComputeKernel
  api=4 insize=66874 outsize=1359 ok=1
Cmd: compileComputeKernel
  api=4 insize=66874 outsize=1311 ok=1
Cmd: compileComputeKernel
  api=4 insize=66874 outsize=1819 ok=1
Cmd: compileComputeKernel
  api=4 insize=66874 outsize=1819 ok=1
Cmd: compileComputeKernel
  api=4 insize=66874 outsize=1819 ok=1
Cmd: compileComputeKernel
  api=4 insize=66874 outsize=1974 ok=1
Cmd: compileComputeKernel
  api=4 insize=66874 outsize=1856 ok=1
Cmd: compileComputeKernel
  api=4 insize=66874 outsize=1853 ok=1
Cmd: compileComputeKernel
  api=4 insize=66874 outsize=1998 ok=1
Cmd: compileComputeKernel
  api=4 insize=66874 outsize=1301 ok=1
Cmd: compileComputeKernel
  api=4 insize=66874 outsize=1394 ok=1
Cmd: compileComputeKernel
  api=4 insize=66874 outsize=3544 ok=1
Cmd: compileComputeKernel
  api=4 insize=66874 outsize=1680 ok=1
Cmd: compileComputeKernel
  api=4 insize=66874 outsize=1750 ok=1
Cmd: compileComputeKernel
  api=4 insize=66874 outsize=2477 ok=1
Cmd: compileComputeKernel
  api=4 insize=66874 outsize=2483 ok=1
Cmd: compileComputeKernel
  api=9 insize=4442 outsize=3212 ok=1
Cmd: compileComputeKernel
  api=9 insize=4442 outsize=3689 ok=1
Cmd: compileComputeKernel
  api=9 insize=4442 outsize=3806 ok=1
Cmd: compileComputeKernel
  api=4 insize=4442 outsize=1449 ok=1
Cmd: compileComputeKernel
  api=4 insize=4442 outsize=1684 ok=1
Cmd: compileComputeKernel
  api=4 insize=1900 outsize=3122 ok=1
Cmd: compileComputeKernel
  api=9 insize=34089 outsize=1871 ok=1
Cmd: compileComputeKernel
  api=9 insize=34089 outsize=1452 ok=1
Cmd: compileComputeKernel
  api=9 insize=34089 outsize=1455 ok=1
Cmd: compileComputeKernel
  api=9 insize=34089 outsize=1460 ok=1
Cmd: compileComputeKernel
  api=9 insize=34089 outsize=2080 ok=1
Cmd: compileComputeKernel
  api=9 insize=34089 outsize=1814 ok=1
Cmd: compileComputeKernel
  api=9 insize=34089 outsize=1778 ok=1
Cmd: compileComputeKernel
  api=9 insize=34089 outsize=1873 ok=1
Cmd: compileComputeKernel
  api=9 insize=34089 outsize=1821 ok=1
Cmd: compileComputeKernel
  api=9 insize=34089 outsize=1978 ok=1
Cmd: compileComputeKernel
  api=9 insize=34089 outsize=2834 ok=1
Cmd: compileComputeKernel
  api=9 insize=34089 outsize=2916 ok=1
Cmd: compileComputeKernel
  api=9 insize=34089 outsize=2997 ok=1
Cmd: compileComputeKernel
  api=9 insize=34089 outsize=3986 ok=1
Cmd: compileComputeKernel
  api=9 insize=34089 outsize=2576 ok=1
Cmd: compileComputeKernel
  api=9 insize=34089 outsize=3261 ok=1
Cmd: compileComputeKernel
  api=9 insize=34089 outsize=3167 ok=1
Cmd: compileComputeKernel
  api=9 insize=34089 outsize=2957 ok=1
Cmd: compileComputeKernel
  api=9 insize=34089 outsize=3027 ok=1
Cmd: compileComputeKernel
  api=9 insize=34089 outsize=3071 ok=1
Cmd: compileComputeKernel
  api=9 insize=34089 outsize=3082 ok=1
Cmd: compileComputeKernel
  api=9 insize=34089 outsize=2924 ok=1
Cmd: compileComputeKernel
  api=9 insize=34089 outsize=2869 ok=1
Cmd: compileComputeKernel
  api=9 insize=34089 outsize=2947 ok=1
Cmd: compileComputeKernel
  api=9 insize=34089 outsize=2995 ok=1
Cmd: compileComputeKernel
  api=9 insize=34089 outsize=2830 ok=1
Cmd: compileComputeKernel
  api=9 insize=34089 outsize=2933 ok=1
Cmd: compileComputeKernel
  api=9 insize=34089 outsize=3007 ok=1
Cmd: compileComputeKernel
  api=9 insize=34089 outsize=3324 ok=1
Cmd: compileComputeKernel
  api=9 insize=34089 outsize=3060 ok=1
Cmd: compileComputeKernel
  api=4 insize=34089 outsize=629 ok=1
Cmd: compileComputeKernel
  api=4 insize=34089 outsize=677 ok=1
Cmd: compileComputeKernel
  api=4 insize=34089 outsize=772 ok=1
Cmd: compileComputeKernel
  api=4 insize=34089 outsize=769 ok=1
Cmd: compileComputeKernel
  api=4 insize=34089 outsize=770 ok=1
Cmd: compileComputeKernel
  api=4 insize=34089 outsize=775 ok=1
Cmd: compileComputeKernel
  api=4 insize=34089 outsize=777 ok=1
Cmd: compileComputeKernel
  api=4 insize=34089 outsize=806 ok=1
Cmd: compileComputeKernel
  api=4 insize=34089 outsize=1157 ok=1
Cmd: compileComputeKernel
  api=4 insize=34089 outsize=1094 ok=1
Cmd: compileComputeKernel
  api=4 insize=34089 outsize=791 ok=1
Cmd: compileComputeKernel
  api=4 insize=34089 outsize=777 ok=1
Cmd: compileComputeKernel
  api=4 insize=34089 outsize=1023 ok=1
Cmd: compileComputeKernel
  api=4 insize=34089 outsize=805 ok=1
Cmd: compileComputeKernel
  api=4 insize=34089 outsize=677 ok=1
Cmd: compileComputeKernel
  api=4 insize=34089 outsize=677 ok=1
Cmd: compileComputeKernel
  api=4 insize=34089 outsize=622 ok=1
Cmd: compileComputeKernel
  api=4 insize=34089 outsize=831 ok=1
Cmd: compileComputeKernel
  api=4 insize=34089 outsize=700 ok=1
Cmd: compileComputeKernel
  api=4 insize=34089 outsize=777 ok=1
Cmd: compileComputeKernel
  api=4 insize=34089 outsize=872 ok=1
Cmd: compileComputeKernel
  api=4 insize=34089 outsize=1134 ok=1
Cmd: compileComputeKernel
  api=4 insize=34089 outsize=1269 ok=1
Cmd: compileComputeKernel
  api=4 insize=34089 outsize=1321 ok=1
Cmd: compileComputeKernel
  api=4 insize=34089 outsize=1861 ok=1
Cmd: compileComputeKernel
  api=4 insize=34089 outsize=1547 ok=1
Cmd: compileComputeKernel
  api=4 insize=34089 outsize=1520 ok=1
Cmd: compileComputeKernel
  api=4 insize=34089 outsize=1369 ok=1
Cmd: compileComputeKernel
  api=4 insize=34089 outsize=1363 ok=1
Cmd: compileComputeKernel
  api=4 insize=34089 outsize=1465 ok=1
Cmd: compileComputeKernel
  api=4 insize=34089 outsize=1402 ok=1
Cmd: compileComputeKernel
  api=4 insize=34089 outsize=1336 ok=1
Cmd: compileComputeKernel
  api=4 insize=34089 outsize=1311 ok=1
Cmd: compileComputeKernel
  api=4 insize=34089 outsize=1284 ok=1
Cmd: compileComputeKernel
  api=4 insize=34089 outsize=1221 ok=1
Cmd: compileComputeKernel
  api=4 insize=34089 outsize=1346 ok=1
Cmd: compileComputeKernel
  api=4 insize=34089 outsize=1631 ok=1
Cmd: compileComputeKernel
  api=4 insize=34089 outsize=1387 ok=1
Cmd: initializeCompiler
Cmd: compileComputeKernel
  api=9 insize=222 outsize=1905 ok=1
Cmd: compileComputeKernel
  api=4 insize=222 outsize=628 ok=1
Cmd: compileComputeKernel
  api=4 insize=222 outsize=769 ok=1
Cmd: compileComputeKernel
  api=9 insize=2847 outsize=7040 ok=1
Cmd: compileComputeKernel
  api=4 insize=2847 outsize=3574 ok=1
Cmd: compileComputeKernel
  api=9 insize=3405 outsize=56716 ok=1
Cmd: compileComputeKernel
  api=9 insize=3405 outsize=69382 ok=1
Cmd: compileComputeKernel
  api=9 insize=3405 outsize=6677 ok=1
Cmd: compileComputeKernel
  api=9 insize=3405 outsize=6678 ok=1
Cmd: compileComputeKernel
  api=9 insize=3405 outsize=8053 ok=1
Cmd: compileComputeKernel
  api=9 insize=3405 outsize=8044 ok=1
Cmd: compileComputeKernel
  api=9 insize=3405 outsize=32082 ok=1
Cmd: compileComputeKernel
  api=4 insize=3405 outsize=22181 ok=1
Cmd: compileComputeKernel
  api=4 insize=3405 outsize=35257 ok=1
Cmd: compileComputeKernel
  api=4 insize=3405 outsize=35914 ok=1
Cmd: compileComputeKernel
  api=9 insize=18478 outsize=70683 ok=1
Cmd: compileComputeKernel
  api=4 insize=18478 outsize=14017 ok=1
Cmd: compileComputeKernel
  api=4 insize=18478 outsize=13985 ok=1
Cmd: compileComputeKernel
  api=9 insize=759 outsize=1923 ok=1
Cmd: compileComputeKernel
  api=9 insize=759 outsize=2032 ok=1
Cmd: compileComputeKernel
  api=9 insize=759 outsize=2039 ok=1
Cmd: compileComputeKernel
  api=9 insize=759 outsize=2052 ok=1
Cmd: compileComputeKernel
  api=4 insize=759 outsize=910 ok=1
Cmd: compileComputeKernel
  api=4 insize=759 outsize=844 ok=1
Cmd: compileComputeKernel
  api=4 insize=958 outsize=1905 ok=1
Cmd: compileComputeKernel
  api=4 insize=958 outsize=1494 ok=1
Cmd: compileComputeKernel
  api=4 insize=958 outsize=1528 ok=1
Cmd: compileComputeKernel
  api=9 insize=13363 outsize=22545 ok=1
Cmd: compileComputeKernel
  api=9 insize=13363 outsize=20743 ok=1
Cmd: compileComputeKernel
  api=4 insize=13363 outsize=11042 ok=1
Cmd: compileComputeKernel
  api=9 insize=775 outsize=9099 ok=1
Cmd: compileComputeKernel
  error: 1 plat 9 at Conv2d.cginc(773): signed/unsigned mismatch, unsigned assumed
  api=9 insize=775 outsize=21015 ok=1
Cmd: compileComputeKernel
  api=4 insize=775 outsize=2787 ok=1
Cmd: compileComputeKernel
  api=4 insize=775 outsize=6812 ok=1
Cmd: compileComputeKernel
  api=4 insize=775 outsize=14204 ok=1
Cmd: compileComputeKernel
  api=9 insize=13751 outsize=3585 ok=1
Cmd: compileComputeKernel
  api=9 insize=13751 outsize=2937 ok=1
Cmd: compileComputeKernel
  api=9 insize=13751 outsize=4025 ok=1
Cmd: compileComputeKernel
  api=9 insize=13751 outsize=3445 ok=1
Cmd: compileComputeKernel
  api=9 insize=13751 outsize=4918 ok=1
Cmd: compileComputeKernel
  api=9 insize=13751 outsize=3045 ok=1
Cmd: compileComputeKernel
  api=9 insize=13751 outsize=4544 ok=1
Cmd: compileComputeKernel
  api=4 insize=13751 outsize=1499 ok=1
Cmd: compileComputeKernel
  api=4 insize=13751 outsize=1027 ok=1
Cmd: compileComputeKernel
  api=4 insize=13751 outsize=1126 ok=1
Cmd: compileComputeKernel
  api=4 insize=13751 outsize=1863 ok=1
Cmd: compileComputeKernel
  api=4 insize=13751 outsize=1840 ok=1
Cmd: compileComputeKernel
  api=4 insize=13751 outsize=1931 ok=1
Cmd: compileComputeKernel
  api=4 insize=13751 outsize=2631 ok=1
Cmd: compileComputeKernel
  api=4 insize=13751 outsize=1364 ok=1
Cmd: compileComputeKernel
  api=4 insize=13751 outsize=1364 ok=1
Cmd: compileComputeKernel
  api=4 insize=13751 outsize=3114 ok=1
Cmd: compileComputeKernel
  api=9 insize=11929 outsize=5615 ok=1
Cmd: compileComputeKernel
  api=9 insize=11929 outsize=5619 ok=1
Cmd: compileComputeKernel
  api=9 insize=11929 outsize=5531 ok=1
Cmd: compileComputeKernel
  api=9 insize=11929 outsize=5424 ok=1
Cmd: compileComputeKernel
  api=9 insize=11929 outsize=6913 ok=1
Cmd: compileComputeKernel
  api=9 insize=11929 outsize=5448 ok=1
Cmd: compileComputeKernel
  api=4 insize=11929 outsize=2916 ok=1
Cmd: compileComputeKernel
  api=4 insize=11929 outsize=2375 ok=1
Cmd: compileComputeKernel
  api=4 insize=11929 outsize=2891 ok=1
Cmd: compileComputeKernel
  api=4 insize=11929 outsize=2859 ok=1
Cmd: compileComputeKernel
  api=4 insize=11929 outsize=2917 ok=1
Cmd: compileComputeKernel
  api=9 insize=76455 outsize=25577 ok=1
Cmd: compileComputeKernel
  api=9 insize=76455 outsize=11385 ok=1
Cmd: compileComputeKernel
  api=9 insize=76455 outsize=2438 ok=1
Cmd: compileComputeKernel
  api=9 insize=76455 outsize=27653 ok=1
Cmd: compileComputeKernel
  api=4 insize=76455 outsize=5741 ok=1
Cmd: compileComputeKernel
  api=9 insize=3167 outsize=2106 ok=1
Cmd: compileComputeKernel
  api=9 insize=3167 outsize=4908 ok=1
Cmd: compileComputeKernel
  api=4 insize=3167 outsize=1927 ok=1
Cmd: compileComputeKernel
  api=9 insize=776 outsize=5922 ok=1
Cmd: compileComputeKernel
  api=9 insize=776 outsize=28700 ok=1
Cmd: compileComputeKernel
  api=4 insize=776 outsize=14580 ok=1
Cmd: compileComputeKernel
  api=9 insize=20570 outsize=83001 ok=1
Cmd: compileComputeKernel
  api=9 insize=82071 outsize=3580 ok=1
Cmd: compileComputeKernel
  api=9 insize=82071 outsize=8417 ok=1
Cmd: compileComputeKernel
  api=9 insize=82071 outsize=5917 ok=1
Cmd: compileComputeKernel
  api=9 insize=82071 outsize=7131 ok=1
Cmd: compileComputeKernel
  api=9 insize=82071 outsize=3492 ok=1
Cmd: compileComputeKernel
  api=9 insize=82071 outsize=4577 ok=1
Cmd: compileComputeKernel
  api=9 insize=82071 outsize=10975 ok=1
Cmd: compileComputeKernel
  api=9 insize=82071 outsize=5126 ok=1
Cmd: compileComputeKernel
  api=9 insize=82071 outsize=3312 ok=1
Cmd: compileComputeKernel
  api=9 insize=82071 outsize=3720 ok=1
Cmd: compileComputeKernel
  api=9 insize=82071 outsize=4668 ok=1
Cmd: compileComputeKernel
  api=9 insize=82071 outsize=3096 ok=1
Cmd: compileComputeKernel
  api=9 insize=82071 outsize=3239 ok=1
Cmd: compileComputeKernel
  api=9 insize=82071 outsize=7476 ok=1
Cmd: compileComputeKernel
  api=9 insize=82071 outsize=8343 ok=1
Cmd: compileComputeKernel
  api=9 insize=82071 outsize=6698 ok=1
Cmd: compileComputeKernel
  api=9 insize=82071 outsize=6700 ok=1
Cmd: compileComputeKernel
  api=9 insize=82071 outsize=6795 ok=1
Cmd: compileComputeKernel
  api=9 insize=82071 outsize=3818 ok=1
Cmd: compileComputeKernel
  api=9 insize=82071 outsize=3887 ok=1
Cmd: compileComputeKernel
  api=9 insize=82071 outsize=7005 ok=1
Cmd: compileComputeKernel
  api=9 insize=82071 outsize=6842 ok=1
Cmd: compileComputeKernel
  api=9 insize=82071 outsize=6893 ok=1
Cmd: compileComputeKernel
  api=9 insize=82071 outsize=9925 ok=1
Cmd: compileComputeKernel
  api=9 insize=82071 outsize=6840 ok=1
Cmd: compileComputeKernel
  api=9 insize=82071 outsize=7633 ok=1
Cmd: compileComputeKernel
  api=9 insize=82071 outsize=7023 ok=1
Cmd: compileComputeKernel
  api=9 insize=82071 outsize=7022 ok=1
Cmd: compileComputeKernel
  api=9 insize=82071 outsize=7016 ok=1
Cmd: compileComputeKernel
  api=9 insize=82071 outsize=6698 ok=1
Cmd: compileComputeKernel
  api=9 insize=82071 outsize=6698 ok=1
Cmd: compileComputeKernel
  api=9 insize=82071 outsize=6830 ok=1
Cmd: compileComputeKernel
  api=9 insize=82071 outsize=7444 ok=1
Cmd: compileComputeKernel
  api=9 insize=82071 outsize=10721 ok=1
Cmd: compileComputeKernel
  api=9 insize=82071 outsize=10721 ok=1
Cmd: compileComputeKernel
  api=9 insize=82071 outsize=11749 ok=1
Cmd: compileComputeKernel
  api=9 insize=82071 outsize=10725 ok=1
Cmd: compileComputeKernel
  api=9 insize=82071 outsize=10781 ok=1
Cmd: compileComputeKernel
  api=9 insize=82071 outsize=10778 ok=1
Cmd: compileComputeKernel
  api=9 insize=82071 outsize=10780 ok=1
Cmd: compileComputeKernel
  api=9 insize=82071 outsize=10993 ok=1
Cmd: compileComputeKernel
  api=9 insize=82071 outsize=6847 ok=1
Cmd: compileComputeKernel
  api=9 insize=82071 outsize=6924 ok=1
Cmd: compileComputeKernel
  api=9 insize=82071 outsize=7550 ok=1
Cmd: compileComputeKernel
  api=9 insize=82071 outsize=6700 ok=1
Cmd: compileComputeKernel
  api=9 insize=82071 outsize=6886 ok=1
Cmd: compileComputeKernel
  api=9 insize=82071 outsize=6686 ok=1
Cmd: compileComputeKernel
  api=9 insize=82071 outsize=4488 ok=1
Cmd: compileComputeKernel
  api=9 insize=82071 outsize=4032 ok=1
Cmd: compileComputeKernel
  api=9 insize=82071 outsize=7250 ok=1
Cmd: compileComputeKernel
  api=9 insize=82071 outsize=2376 ok=1
Cmd: compileComputeKernel
  api=9 insize=82071 outsize=5128 ok=1
Cmd: compileComputeKernel
  api=9 insize=82071 outsize=4317 ok=1
Cmd: compileComputeKernel
  api=9 insize=82071 outsize=7287 ok=1
Cmd: compileComputeKernel
  api=9 insize=82071 outsize=9012 ok=1
Cmd: compileComputeKernel
  api=4 insize=82071 outsize=1686 ok=1
Cmd: compileComputeKernel
  api=4 insize=82071 outsize=1500 ok=1
Cmd: compileComputeKernel
  api=4 insize=82071 outsize=2850 ok=1
Cmd: compileComputeKernel
  api=4 insize=82071 outsize=10239 ok=1
Cmd: compileComputeKernel
  api=4 insize=82071 outsize=2187 ok=1
Cmd: compileComputeKernel
  api=4 insize=82071 outsize=5708 ok=1
Cmd: compileComputeKernel
  api=4 insize=82071 outsize=1489 ok=1
Cmd: compileComputeKernel
  api=4 insize=82071 outsize=1461 ok=1
Cmd: compileComputeKernel
  api=4 insize=82071 outsize=1689 ok=1
Cmd: compileComputeKernel
  api=4 insize=82071 outsize=2261 ok=1
Cmd: compileComputeKernel
  api=4 insize=82071 outsize=1407 ok=1
Cmd: compileComputeKernel
  api=4 insize=82071 outsize=1667 ok=1
Cmd: compileComputeKernel
  api=4 insize=82071 outsize=3335 ok=1
Cmd: compileComputeKernel
  api=4 insize=82071 outsize=4086 ok=1
Cmd: compileComputeKernel
  api=4 insize=82071 outsize=3375 ok=1
Cmd: compileComputeKernel
  api=4 insize=82071 outsize=3372 ok=1
Cmd: compileComputeKernel
  api=4 insize=82071 outsize=3373 ok=1
Cmd: compileComputeKernel
  api=4 insize=82071 outsize=1843 ok=1
Cmd: compileComputeKernel
  api=4 insize=82071 outsize=1894 ok=1
Cmd: compileComputeKernel
  api=4 insize=82071 outsize=3608 ok=1
Cmd: compileComputeKernel
  api=4 insize=82071 outsize=3409 ok=1
Cmd: compileComputeKernel
  api=4 insize=82071 outsize=3447 ok=1
Cmd: compileComputeKernel
  api=4 insize=82071 outsize=4872 ok=1
Cmd: compileComputeKernel
  api=4 insize=82071 outsize=3399 ok=1
Cmd: compileComputeKernel
  api=4 insize=82071 outsize=3865 ok=1
Cmd: compileComputeKernel
  api=4 insize=82071 outsize=3485 ok=1
Cmd: compileComputeKernel
  api=4 insize=82071 outsize=3485 ok=1
Cmd: compileComputeKernel
  api=4 insize=82071 outsize=3489 ok=1
Cmd: compileComputeKernel
  api=4 insize=82071 outsize=3468 ok=1
Cmd: compileComputeKernel
  api=4 insize=82071 outsize=3472 ok=1
Cmd: compileComputeKernel
  api=4 insize=82071 outsize=3475 ok=1
Cmd: compileComputeKernel
  api=4 insize=82071 outsize=1364 ok=1
Cmd: compileComputeKernel
  api=4 insize=82071 outsize=1580 ok=1
Cmd: compileComputeKernel
  api=4 insize=82071 outsize=5043 ok=1
Cmd: compileComputeKernel
  api=4 insize=82071 outsize=5039 ok=1
Cmd: compileComputeKernel
  api=4 insize=82071 outsize=5039 ok=1
Cmd: compileComputeKernel
  api=4 insize=82071 outsize=5039 ok=1
Cmd: compileComputeKernel
  api=4 insize=82071 outsize=5071 ok=1
Cmd: compileComputeKernel
  api=4 insize=82071 outsize=5068 ok=1
Cmd: compileComputeKernel
  api=4 insize=82071 outsize=5069 ok=1
Cmd: compileComputeKernel
  api=4 insize=82071 outsize=5218 ok=1
Cmd: compileComputeKernel
  api=4 insize=82071 outsize=3414 ok=1
Cmd: compileComputeKernel
  api=4 insize=82071 outsize=6504 ok=1
Cmd: compileComputeKernel
  api=4 insize=82071 outsize=3429 ok=1
Cmd: compileComputeKernel
  api=4 insize=82071 outsize=3309 ok=1
Cmd: compileComputeKernel
  api=4 insize=82071 outsize=3370 ok=1
Cmd: compileComputeKernel
  api=4 insize=82071 outsize=1590 ok=1
Cmd: compileComputeKernel
  api=4 insize=82071 outsize=1449 ok=1
Cmd: compileComputeKernel
  api=4 insize=82071 outsize=1750 ok=1
Cmd: compileComputeKernel
  api=4 insize=82071 outsize=7097 ok=1
Cmd: compileComputeKernel
  api=9 insize=4231 outsize=6273 ok=1
Cmd: compileComputeKernel
  api=4 insize=4231 outsize=2178 ok=1
Cmd: compileComputeKernel
  api=4 insize=4231 outsize=3368 ok=1
Cmd: compileComputeKernel
  api=9 insize=4442 outsize=3025 ok=1
Cmd: compileComputeKernel
  api=9 insize=4442 outsize=3842 ok=1
Cmd: compileComputeKernel
  api=4 insize=4442 outsize=1590 ok=1
Cmd: compileComputeKernel
  api=4 insize=4442 outsize=1684 ok=1
Cmd: compileComputeKernel
  api=4 insize=1900 outsize=3122 ok=1
Cmd: compileComputeKernel
  api=9 insize=958 outsize=3377 ok=1
Cmd: compileComputeKernel
  api=9 insize=958 outsize=3381 ok=1
Cmd: compileComputeKernel
  api=9 insize=958 outsize=3421 ok=1
Cmd: compileComputeKernel
  api=9 insize=958 outsize=3623 ok=1
Cmd: compileComputeKernel
  api=4 insize=958 outsize=1465 ok=1
Cmd: compileComputeKernel
  api=4 insize=958 outsize=1465 ok=1
Cmd: compileComputeKernel
  api=4 insize=958 outsize=1465 ok=1
Cmd: compileComputeKernel
  api=4 insize=958 outsize=1494 ok=1
Cmd: compileComputeKernel
  api=9 insize=467 outsize=4556 ok=1
Cmd: compileComputeKernel
  api=9 insize=467 outsize=7266 ok=1
Cmd: compileComputeKernel
  api=4 insize=467 outsize=2137 ok=1
Cmd: compileComputeKernel
  api=4 insize=467 outsize=3147 ok=1
Cmd: compileComputeKernel
  api=4 insize=467 outsize=5445 ok=1
Cmd: compileComputeKernel
  api=9 insize=467 outsize=4794 ok=1
Cmd: compileComputeKernel
  api=9 insize=467 outsize=7383 ok=1
Cmd: compileComputeKernel
  api=4 insize=467 outsize=2137 ok=1
Cmd: compileComputeKernel
  api=4 insize=467 outsize=3291 ok=1
Cmd: compileComputeKernel
  api=4 insize=467 outsize=5893 ok=1
Cmd: compileComputeKernel
  api=9 insize=10641 outsize=1883 ok=1
Cmd: compileComputeKernel
  api=9 insize=10641 outsize=1885 ok=1
Cmd: compileComputeKernel
  api=9 insize=10641 outsize=1887 ok=1
Cmd: compileComputeKernel
  api=9 insize=10641 outsize=1463 ok=1
Cmd: compileComputeKernel
  api=9 insize=10641 outsize=2310 ok=1
Cmd: compileComputeKernel
  api=9 insize=10641 outsize=2117 ok=1
Cmd: compileComputeKernel
  api=9 insize=10641 outsize=1920 ok=1
Cmd: compileComputeKernel
  api=9 insize=10641 outsize=1525 ok=1
Cmd: compileComputeKernel
  api=9 insize=10641 outsize=2083 ok=1
Cmd: compileComputeKernel
  api=9 insize=10641 outsize=2058 ok=1
Cmd: compileComputeKernel
  api=9 insize=10641 outsize=2310 ok=1
Cmd: compileComputeKernel
  api=9 insize=10641 outsize=2368 ok=1
Cmd: compileComputeKernel
  api=9 insize=10641 outsize=1744 ok=1
Cmd: compileComputeKernel
  api=9 insize=10641 outsize=2765 ok=1
Cmd: compileComputeKernel
  api=9 insize=10641 outsize=1883 ok=1
Cmd: compileComputeKernel
  api=9 insize=10641 outsize=2030 ok=1
Cmd: compileComputeKernel
  api=9 insize=10641 outsize=1978 ok=1
Cmd: compileComputeKernel
  api=9 insize=10641 outsize=1959 ok=1
Cmd: compileComputeKernel
  api=9 insize=10641 outsize=3023 ok=1
Cmd: compileComputeKernel
  api=9 insize=10641 outsize=3057 ok=1
Cmd: compileComputeKernel
  api=9 insize=10641 outsize=2683 ok=1
Cmd: compileComputeKernel
  api=9 insize=10641 outsize=3368 ok=1
Cmd: compileComputeKernel
  api=9 insize=10641 outsize=3274 ok=1
Cmd: compileComputeKernel
  api=9 insize=10641 outsize=3064 ok=1
Cmd: compileComputeKernel
  api=9 insize=10641 outsize=3088 ok=1
Cmd: compileComputeKernel
  api=9 insize=10641 outsize=3154 ok=1
Cmd: compileComputeKernel
  api=9 insize=10641 outsize=3131 ok=1
Cmd: compileComputeKernel
  api=9 insize=10641 outsize=3298 ok=1
Cmd: compileComputeKernel
  api=9 insize=10641 outsize=3156 ok=1
Cmd: compileComputeKernel
  api=9 insize=10641 outsize=2976 ok=1
Cmd: compileComputeKernel
  api=9 insize=10641 outsize=2977 ok=1
Cmd: compileComputeKernel
  api=9 insize=10641 outsize=2937 ok=1
Cmd: compileComputeKernel
  api=9 insize=10641 outsize=3040 ok=1
Cmd: compileComputeKernel
  api=9 insize=10641 outsize=3707 ok=1
Cmd: compileComputeKernel
  api=9 insize=10641 outsize=3706 ok=1
Cmd: compileComputeKernel
  api=9 insize=10641 outsize=3120 ok=1
Cmd: compileComputeKernel
  api=9 insize=10641 outsize=3478 ok=1
Cmd: compileComputeKernel
  api=9 insize=10641 outsize=3221 ok=1
Cmd: compileComputeKernel
  api=9 insize=10641 outsize=3460 ok=1
Cmd: compileComputeKernel
  api=9 insize=10641 outsize=3107 ok=1
Cmd: compileComputeKernel
  api=9 insize=10641 outsize=3722 ok=1
Cmd: compileComputeKernel
  api=9 insize=10641 outsize=3100 ok=1
Cmd: compileComputeKernel
  api=9 insize=10641 outsize=2935 ok=1
Cmd: compileComputeKernel
  api=9 insize=10641 outsize=3017 ok=1
Cmd: compileComputeKernel
  api=9 insize=10641 outsize=3161 ok=1
Cmd: compileComputeKernel
  api=9 insize=10641 outsize=3064 ok=1
Cmd: compileComputeKernel
  api=9 insize=10641 outsize=3219 ok=1
Cmd: compileComputeKernel
  api=9 insize=10641 outsize=3034 ok=1
Cmd: compileComputeKernel
  api=4 insize=10641 outsize=772 ok=1
Cmd: compileComputeKernel
  api=4 insize=10641 outsize=674 ok=1
Cmd: compileComputeKernel
  api=4 insize=10641 outsize=675 ok=1
Cmd: compileComputeKernel
  api=4 insize=10641 outsize=675 ok=1
Cmd: compileComputeKernel
  api=4 insize=10641 outsize=1157 ok=1
Cmd: compileComputeKernel
  api=4 insize=10641 outsize=877 ok=1
Cmd: compileComputeKernel
  api=4 insize=10641 outsize=950 ok=1
Cmd: compileComputeKernel
  api=4 insize=10641 outsize=677 ok=1
Cmd: compileComputeKernel
  api=4 insize=10641 outsize=700 ok=1
Cmd: compileComputeKernel
  api=4 insize=10641 outsize=1310 ok=1
Cmd: compileComputeKernel
  api=4 insize=10641 outsize=855 ok=1
Cmd: compileComputeKernel
  api=4 insize=10641 outsize=772 ok=1
Cmd: compileComputeKernel
  api=4 insize=10641 outsize=877 ok=1
Cmd: compileComputeKernel
  api=4 insize=10641 outsize=772 ok=1
Cmd: compileComputeKernel
  api=4 insize=10641 outsize=693 ok=1
Cmd: compileComputeKernel
  api=4 insize=10641 outsize=1321 ok=1
Cmd: compileComputeKernel
  api=4 insize=10641 outsize=1484 ok=1
Cmd: compileComputeKernel
  api=4 insize=10641 outsize=1369 ok=1
Cmd: compileComputeKernel
  api=4 insize=10641 outsize=1392 ok=1
Cmd: compileComputeKernel
  api=4 insize=10641 outsize=1363 ok=1
Cmd: compileComputeKernel
  api=4 insize=10641 outsize=1465 ok=1
Cmd: compileComputeKernel
  api=4 insize=10641 outsize=1359 ok=1
Cmd: compileComputeKernel
  api=4 insize=10641 outsize=1311 ok=1
Cmd: compileComputeKernel
  api=4 insize=10641 outsize=1311 ok=1
Cmd: compileComputeKernel
  api=4 insize=10641 outsize=1248 ok=1
Cmd: compileComputeKernel
  api=4 insize=10641 outsize=1221 ok=1
Cmd: compileComputeKernel
  api=4 insize=10641 outsize=1306 ok=1
Cmd: compileComputeKernel
  api=4 insize=10641 outsize=1830 ok=1
Cmd: compileComputeKernel
  api=4 insize=10641 outsize=1364 ok=1
Cmd: compileComputeKernel
  api=4 insize=10641 outsize=1573 ok=1
Cmd: compileComputeKernel
  api=4 insize=10641 outsize=1374 ok=1
Cmd: compileComputeKernel
  api=4 insize=10641 outsize=1605 ok=1
Cmd: compileComputeKernel
  api=4 insize=10641 outsize=1397 ok=1
Cmd: compileComputeKernel
  api=4 insize=10641 outsize=1828 ok=1
Cmd: compileComputeKernel
  api=4 insize=10641 outsize=1765 ok=1
Cmd: compileComputeKernel
  api=4 insize=10641 outsize=1338 ok=1
Cmd: compileComputeKernel
  api=4 insize=10641 outsize=1224 ok=1
Cmd: compileComputeKernel
  api=4 insize=10641 outsize=1317 ok=1
Cmd: compileComputeKernel
  api=4 insize=10641 outsize=1224 ok=1
Cmd: compileComputeKernel
  api=4 insize=10641 outsize=1321 ok=1
Cmd: compileComputeKernel
  api=4 insize=10641 outsize=1296 ok=1
Cmd: initializeCompiler
Cmd: compileComputeKernel
  api=9 insize=4458 outsize=6297 ok=1
Cmd: compileComputeKernel
  api=9 insize=4458 outsize=7873 ok=1
Cmd: compileComputeKernel
  api=4 insize=4458 outsize=3836 ok=1
