Base path: 'C:/Program Files/Unity/Hub/Editor/2019.2.10f1/Editor/Data', plugins path 'C:/Program Files/Unity/Hub/Editor/2019.2.10f1/Editor/Data/PlaybackEngines'
Cmd: initializeCompiler
Cmd: initializeCompiler
Cmd: preprocessCompute
  insize=12065 outsize=12109 ok=1
Cmd: compileComputeKernel
  api=9 insize=12109 outsize=3317 ok=1
Cmd: compileComputeKernel
  api=9 insize=12109 outsize=4790 ok=1
Cmd: compileComputeKernel
  api=4 insize=12109 outsize=1558 ok=1
Cmd: compileComputeKernel
  api=4 insize=12109 outsize=1027 ok=1
Cmd: compileComputeKernel
  api=4 insize=12109 outsize=1840 ok=1
Cmd: compileComputeKernel
  api=4 insize=12109 outsize=1579 ok=1
Cmd: compileComputeKernel
  api=4 insize=12109 outsize=2218 ok=1
Cmd: preprocessCompute
  insize=72887 outsize=72903 ok=1
Cmd: compileComputeKernel
  api=9 insize=72903 outsize=25470 ok=1
Cmd: compileComputeKernel
  api=9 insize=72903 outsize=7108 ok=1
Cmd: compileComputeKernel
  api=4 insize=72903 outsize=5015 ok=1
Cmd: compileComputeKernel
  api=4 insize=72903 outsize=3651 ok=1
Cmd: compileComputeKernel
  api=4 insize=72903 outsize=6467 ok=1
Cmd: preprocessCompute
  insize=11921 outsize=11985 ok=1
Cmd: compileComputeKernel
  api=9 insize=11985 outsize=3241 ok=1
Cmd: compileComputeKernel
  api=9 insize=11985 outsize=3238 ok=1
Cmd: compileComputeKernel
  api=9 insize=11985 outsize=3991 ok=1
Cmd: compileComputeKernel
  api=9 insize=11985 outsize=3242 ok=1
Cmd: compileComputeKernel
  api=9 insize=11985 outsize=3282 ok=1
Cmd: compileComputeKernel
  api=9 insize=11985 outsize=3288 ok=1
Cmd: compileComputeKernel
  api=9 insize=11985 outsize=3285 ok=1
Cmd: compileComputeKernel
  api=9 insize=11985 outsize=3484 ok=1
Cmd: compileComputeKernel
  api=4 insize=11985 outsize=1465 ok=1
Cmd: compileComputeKernel
  api=4 insize=11985 outsize=1905 ok=1
Cmd: compileComputeKernel
  api=4 insize=11985 outsize=1620 ok=1
Cmd: compileComputeKernel
  api=4 insize=11985 outsize=1497 ok=1
Cmd: compileComputeKernel
  api=4 insize=11985 outsize=1494 ok=1
Cmd: compileComputeKernel
  api=4 insize=11985 outsize=1499 ok=1
Cmd: compileComputeKernel
  api=4 insize=11985 outsize=1495 ok=1
Cmd: compileComputeKernel
  api=4 insize=11985 outsize=1528 ok=1
Cmd: compileComputeKernel
  api=4 insize=11985 outsize=1616 ok=1
Cmd: preprocessCompute
  insize=79184 outsize=79248 ok=1
Cmd: compileComputeKernel
  api=9 insize=79248 outsize=14202 ok=1
Cmd: compileComputeKernel
  api=9 insize=79248 outsize=28593 ok=1
Cmd: compileComputeKernel
  api=9 insize=79248 outsize=44925 ok=1
Cmd: compileComputeKernel
  api=9 insize=79248 outsize=67345 ok=1
Cmd: compileComputeKernel
  api=9 insize=79248 outsize=70912 ok=1
Cmd: compileComputeKernel
  api=4 insize=79248 outsize=14580 ok=1
Cmd: compileComputeKernel
  api=4 insize=79248 outsize=22065 ok=1
Cmd: compileComputeKernel
  api=4 insize=79248 outsize=35141 ok=1
Cmd: compileComputeKernel
  api=4 insize=79248 outsize=35778 ok=1
Cmd: preprocessCompute
  insize=18269 outsize=18301 ok=1
Cmd: compileComputeKernel
  api=9 insize=18301 outsize=4416 ok=1
Cmd: compileComputeKernel
  api=9 insize=18301 outsize=4405 ok=1
Cmd: compileComputeKernel
  api=9 insize=18301 outsize=7214 ok=1
Cmd: compileComputeKernel
  api=9 insize=18301 outsize=7068 ok=1
Cmd: compileComputeKernel
  api=9 insize=18301 outsize=11752 ok=1
Cmd: compileComputeKernel
  api=4 insize=18301 outsize=3063 ok=1
Cmd: compileComputeKernel
  api=4 insize=18301 outsize=3156 ok=1
Cmd: compileComputeKernel
  api=4 insize=18301 outsize=5897 ok=1
Cmd: preprocessCompute
  insize=66564 outsize=66874 ok=1
Cmd: compileComputeKernel
  api=9 insize=66874 outsize=6381 ok=1
Cmd: compileComputeKernel
  api=9 insize=66874 outsize=5907 ok=1
Cmd: compileComputeKernel
  api=9 insize=66874 outsize=7114 ok=1
Cmd: compileComputeKernel
  api=9 insize=66874 outsize=3436 ok=1
Cmd: compileComputeKernel
  api=9 insize=66874 outsize=5038 ok=1
Cmd: compileComputeKernel
  api=9 insize=66874 outsize=3600 ok=1
Cmd: compileComputeKernel
  api=9 insize=66874 outsize=5079 ok=1
Cmd: compileComputeKernel
  api=9 insize=66874 outsize=3255 ok=1
Cmd: compileComputeKernel
  api=9 insize=66874 outsize=3265 ok=1
Cmd: compileComputeKernel
  api=9 insize=66874 outsize=3304 ok=1
Cmd: compileComputeKernel
  api=9 insize=66874 outsize=4527 ok=1
Cmd: compileComputeKernel
  api=9 insize=66874 outsize=4396 ok=1
Cmd: compileComputeKernel
  api=9 insize=66874 outsize=3613 ok=1
Cmd: compileComputeKernel
  api=9 insize=66874 outsize=3448 ok=1
Cmd: compileComputeKernel
  api=9 insize=66874 outsize=3043 ok=1
Cmd: compileComputeKernel
  api=9 insize=66874 outsize=2999 ok=1
Cmd: compileComputeKernel
  api=9 insize=66874 outsize=3001 ok=1
Cmd: compileComputeKernel
  api=9 insize=66874 outsize=3003 ok=1
Cmd: compileComputeKernel
  api=9 insize=66874 outsize=3128 ok=1
Cmd: compileComputeKernel
  api=9 insize=66874 outsize=3565 ok=1
Cmd: compileComputeKernel
  api=9 insize=66874 outsize=3338 ok=1
Cmd: compileComputeKernel
  api=9 insize=66874 outsize=3043 ok=1
Cmd: compileComputeKernel
  api=9 insize=66874 outsize=3253 ok=1
Cmd: compileComputeKernel
  api=9 insize=66874 outsize=4159 ok=1
Cmd: compileComputeKernel
  api=9 insize=66874 outsize=3040 ok=1
Cmd: compileComputeKernel
  api=9 insize=66874 outsize=3001 ok=1
Cmd: compileComputeKernel
  api=9 insize=66874 outsize=3740 ok=1
Cmd: compileComputeKernel
  api=9 insize=66874 outsize=3030 ok=1
Cmd: compileComputeKernel
  api=9 insize=66874 outsize=4198 ok=1
Cmd: compileComputeKernel
  api=9 insize=66874 outsize=4201 ok=1
Cmd: compileComputeKernel
  api=9 insize=66874 outsize=4198 ok=1
Cmd: compileComputeKernel
  api=9 insize=66874 outsize=4963 ok=1
Cmd: compileComputeKernel
  api=9 insize=66874 outsize=4202 ok=1
Cmd: compileComputeKernel
  api=9 insize=66874 outsize=4388 ok=1
Cmd: compileComputeKernel
  api=9 insize=66874 outsize=4242 ok=1
Cmd: compileComputeKernel
  api=9 insize=66874 outsize=4239 ok=1
Cmd: compileComputeKernel
  api=9 insize=66874 outsize=4241 ok=1
Cmd: compileComputeKernel
  api=9 insize=66874 outsize=4484 ok=1
Cmd: compileComputeKernel
  api=9 insize=66874 outsize=4484 ok=1
Cmd: compileComputeKernel
  api=9 insize=66874 outsize=3048 ok=1
Cmd: compileComputeKernel
  api=9 insize=66874 outsize=2995 ok=1
Cmd: compileComputeKernel
  api=9 insize=66874 outsize=3164 ok=1
Cmd: compileComputeKernel
  api=9 insize=66874 outsize=2980 ok=1
Cmd: compileComputeKernel
  api=9 insize=66874 outsize=6168 ok=1
Cmd: compileComputeKernel
  api=9 insize=66874 outsize=3202 ok=1
Cmd: compileComputeKernel
  api=9 insize=66874 outsize=4051 ok=1
Cmd: compileComputeKernel
  api=9 insize=66874 outsize=2327 ok=1
Cmd: compileComputeKernel
  api=9 insize=66874 outsize=3156 ok=1
Cmd: compileComputeKernel
  api=4 insize=66874 outsize=1686 ok=1
Cmd: compileComputeKernel
  api=4 insize=66874 outsize=2795 ok=1
Cmd: compileComputeKernel
  api=4 insize=66874 outsize=3099 ok=1
Cmd: compileComputeKernel
  api=4 insize=66874 outsize=2631 ok=1
Cmd: compileComputeKernel
  api=4 insize=66874 outsize=1634 ok=1
Cmd: compileComputeKernel
  api=4 insize=66874 outsize=1489 ok=1
Cmd: compileComputeKernel
  api=4 insize=66874 outsize=1489 ok=1
Cmd: compileComputeKernel
  api=4 insize=66874 outsize=1461 ok=1
Cmd: compileComputeKernel
  api=4 insize=66874 outsize=1689 ok=1
Cmd: compileComputeKernel
  api=4 insize=66874 outsize=2029 ok=1
Cmd: compileComputeKernel
  api=4 insize=66874 outsize=1431 ok=1
Cmd: compileComputeKernel
  api=4 insize=66874 outsize=1647 ok=1
Cmd: compileComputeKernel
  api=4 insize=66874 outsize=3335 ok=1
Cmd: compileComputeKernel
  api=4 insize=66874 outsize=1324 ok=1
Cmd: compileComputeKernel
  api=4 insize=66874 outsize=1310 ok=1
Cmd: compileComputeKernel
  api=4 insize=66874 outsize=1631 ok=1
Cmd: compileComputeKernel
  api=4 insize=66874 outsize=1520 ok=1
Cmd: compileComputeKernel
  api=4 insize=66874 outsize=1383 ok=1
Cmd: compileComputeKernel
  api=4 insize=66874 outsize=1465 ok=1
Cmd: compileComputeKernel
  api=4 insize=66874 outsize=1861 ok=1
Cmd: compileComputeKernel
  api=4 insize=66874 outsize=1547 ok=1
Cmd: compileComputeKernel
  api=4 insize=66874 outsize=1311 ok=1
Cmd: compileComputeKernel
  api=4 insize=66874 outsize=1284 ok=1
Cmd: compileComputeKernel
  api=4 insize=66874 outsize=1777 ok=1
Cmd: compileComputeKernel
  api=4 insize=66874 outsize=1364 ok=1
Cmd: compileComputeKernel
  api=4 insize=66874 outsize=1819 ok=1
Cmd: compileComputeKernel
  api=4 insize=66874 outsize=1823 ok=1
Cmd: compileComputeKernel
  api=4 insize=66874 outsize=1819 ok=1
Cmd: compileComputeKernel
  api=4 insize=66874 outsize=1819 ok=1
Cmd: compileComputeKernel
  api=4 insize=66874 outsize=1974 ok=1
Cmd: compileComputeKernel
  api=4 insize=66874 outsize=1856 ok=1
Cmd: compileComputeKernel
  api=4 insize=66874 outsize=1848 ok=1
Cmd: compileComputeKernel
  api=4 insize=66874 outsize=1849 ok=1
Cmd: compileComputeKernel
  api=4 insize=66874 outsize=1997 ok=1
Cmd: compileComputeKernel
  api=4 insize=66874 outsize=1998 ok=1
Cmd: compileComputeKernel
  api=4 insize=66874 outsize=1998 ok=1
Cmd: compileComputeKernel
  api=4 insize=66874 outsize=1341 ok=1
Cmd: compileComputeKernel
  api=4 insize=66874 outsize=1301 ok=1
Cmd: compileComputeKernel
  api=4 insize=66874 outsize=1301 ok=1
Cmd: compileComputeKernel
  api=4 insize=66874 outsize=1302 ok=1
Cmd: compileComputeKernel
  api=4 insize=66874 outsize=2178 ok=1
Cmd: compileComputeKernel
  api=4 insize=66874 outsize=1590 ok=1
Cmd: compileComputeKernel
  api=4 insize=66874 outsize=1427 ok=1
Cmd: compileComputeKernel
  api=4 insize=66874 outsize=921 ok=1
Cmd: preprocessCompute
  insize=4426 outsize=4442 ok=1
Cmd: compileComputeKernel
  api=9 insize=4442 outsize=2962 ok=1
Cmd: compileComputeKernel
  api=9 insize=4442 outsize=2968 ok=1
Cmd: compileComputeKernel
  api=9 insize=4442 outsize=3779 ok=1
Cmd: compileComputeKernel
  api=4 insize=4442 outsize=1590 ok=1
Cmd: compileComputeKernel
  api=4 insize=4442 outsize=1750 ok=1
Cmd: preprocessCompute
  insize=1896 outsize=1900 ok=1
Cmd: preprocessCompute
  insize=33853 outsize=34089 ok=1
Cmd: compileComputeKernel
  api=9 insize=34089 outsize=1774 ok=1
Cmd: compileComputeKernel
  api=9 insize=34089 outsize=1778 ok=1
Cmd: compileComputeKernel
  api=9 insize=34089 outsize=1875 ok=1
Cmd: compileComputeKernel
  api=9 insize=34089 outsize=1486 ok=1
Cmd: compileComputeKernel
  api=9 insize=34089 outsize=1877 ok=1
Cmd: compileComputeKernel
  api=9 insize=34089 outsize=1915 ok=1
Cmd: compileComputeKernel
  api=9 insize=34089 outsize=2083 ok=1
Cmd: compileComputeKernel
  api=9 insize=34089 outsize=1893 ok=1
Cmd: compileComputeKernel
  api=9 insize=34089 outsize=1890 ok=1
Cmd: compileComputeKernel
  api=9 insize=34089 outsize=2010 ok=1
Cmd: compileComputeKernel
  api=9 insize=34089 outsize=1868 ok=1
Cmd: compileComputeKernel
  api=9 insize=34089 outsize=1813 ok=1
Cmd: compileComputeKernel
  api=9 insize=34089 outsize=1912 ok=1
Cmd: compileComputeKernel
  api=9 insize=34089 outsize=1913 ok=1
Cmd: compileComputeKernel
  api=9 insize=34089 outsize=1452 ok=1
Cmd: compileComputeKernel
  api=9 insize=34089 outsize=1963 ok=1
Cmd: compileComputeKernel
  api=9 insize=34089 outsize=1561 ok=1
Cmd: compileComputeKernel
  api=9 insize=34089 outsize=2872 ok=1
Cmd: compileComputeKernel
  api=9 insize=34089 outsize=3214 ok=1
Cmd: compileComputeKernel
  api=9 insize=34089 outsize=3264 ok=1
Cmd: compileComputeKernel
  api=9 insize=34089 outsize=2957 ok=1
Cmd: compileComputeKernel
  api=9 insize=34089 outsize=3191 ok=1
Cmd: compileComputeKernel
  api=9 insize=34089 outsize=2924 ok=1
Cmd: compileComputeKernel
  api=9 insize=34089 outsize=2869 ok=1
Cmd: compileComputeKernel
  api=9 insize=34089 outsize=2870 ok=1
Cmd: compileComputeKernel
  api=9 insize=34089 outsize=2948 ok=1
Cmd: compileComputeKernel
  api=9 insize=34089 outsize=2959 ok=1
Cmd: compileComputeKernel
  api=9 insize=34089 outsize=2933 ok=1
Cmd: compileComputeKernel
  api=9 insize=34089 outsize=3325 ok=1
Cmd: compileComputeKernel
  api=9 insize=34089 outsize=2935 ok=1
Cmd: compileComputeKernel
  api=9 insize=34089 outsize=3013 ok=1
Cmd: compileComputeKernel
  api=4 insize=34089 outsize=759 ok=1
Cmd: compileComputeKernel
  api=4 insize=34089 outsize=753 ok=1
Cmd: compileComputeKernel
  api=4 insize=34089 outsize=855 ok=1
Cmd: compileComputeKernel
  api=4 insize=34089 outsize=749 ok=1
Cmd: compileComputeKernel
  api=4 insize=34089 outsize=701 ok=1
Cmd: compileComputeKernel
  api=4 insize=34089 outsize=701 ok=1
Cmd: compileComputeKernel
  api=4 insize=34089 outsize=837 ok=1
Cmd: compileComputeKernel
  api=4 insize=34089 outsize=1298 ok=1
Cmd: compileComputeKernel
  api=4 insize=34089 outsize=1861 ok=1
Cmd: compileComputeKernel
  api=4 insize=34089 outsize=1547 ok=1
Cmd: compileComputeKernel
  api=4 insize=34089 outsize=1457 ok=1
Cmd: compileComputeKernel
  api=4 insize=34089 outsize=1306 ok=1
Cmd: compileComputeKernel
  api=4 insize=34089 outsize=1340 ok=1
Cmd: compileComputeKernel
  api=4 insize=34089 outsize=1465 ok=1
Cmd: compileComputeKernel
  api=4 insize=34089 outsize=1359 ok=1
Cmd: compileComputeKernel
  api=4 insize=34089 outsize=1288 ok=1
Cmd: compileComputeKernel
  api=4 insize=34089 outsize=1369 ok=1
Cmd: compileComputeKernel
  api=4 insize=34089 outsize=1306 ok=1
Cmd: compileComputeKernel
  api=4 insize=34089 outsize=1618 ok=1
Cmd: compileComputeKernel
  api=4 insize=34089 outsize=1364 ok=1
Cmd: initializeCompiler
Cmd: preprocessCompute
  insize=210 outsize=222 ok=1
Cmd: compileComputeKernel
  api=9 insize=222 outsize=1885 ok=1
Cmd: compileComputeKernel
  api=9 insize=222 outsize=1980 ok=1
Cmd: compileComputeKernel
  api=4 insize=222 outsize=674 ok=1
Cmd: preprocessCompute
  insize=2839 outsize=2847 ok=1
Cmd: compileComputeKernel
  api=9 insize=2847 outsize=7040 ok=1
Cmd: compileComputeKernel
  api=4 insize=2847 outsize=3554 ok=1
Cmd: preprocessCompute
  insize=3365 outsize=3405 ok=1
Cmd: compileComputeKernel
  api=9 insize=3405 outsize=46804 ok=1
Cmd: compileComputeKernel
  api=9 insize=3405 outsize=50930 ok=1
Cmd: compileComputeKernel
  api=9 insize=3405 outsize=58779 ok=1
Cmd: compileComputeKernel
  api=4 insize=3405 outsize=22258 ok=1
Cmd: compileComputeKernel
  api=4 insize=3405 outsize=24465 ok=1
Cmd: compileComputeKernel
  api=4 insize=3405 outsize=3084 ok=1
Cmd: compileComputeKernel
  api=4 insize=3405 outsize=3084 ok=1
Cmd: compileComputeKernel
  api=4 insize=3405 outsize=3725 ok=1
Cmd: compileComputeKernel
  api=4 insize=3405 outsize=3725 ok=1
Cmd: compileComputeKernel
  api=4 insize=3405 outsize=5359 ok=1
Cmd: compileComputeKernel
  api=4 insize=3405 outsize=15993 ok=1
Cmd: preprocessCompute
  insize=18466 outsize=18478 ok=1
Cmd: compileComputeKernel
  api=9 insize=18478 outsize=81183 ok=1
Cmd: preprocessCompute
  insize=713 outsize=759 ok=1
Cmd: compileComputeKernel
  api=9 insize=759 outsize=1984 ok=1
Cmd: compileComputeKernel
  api=9 insize=759 outsize=2022 ok=1
Cmd: compileComputeKernel
  api=9 insize=759 outsize=2000 ok=1
Cmd: compileComputeKernel
  api=9 insize=759 outsize=1997 ok=1
Cmd: compileComputeKernel
  api=9 insize=759 outsize=1975 ok=1
Cmd: compileComputeKernel
  api=9 insize=759 outsize=1986 ok=1
Cmd: compileComputeKernel
  api=9 insize=759 outsize=2547 ok=1
Cmd: compileComputeKernel
  api=4 insize=759 outsize=638 ok=1
Cmd: compileComputeKernel
  api=4 insize=759 outsize=695 ok=1
Cmd: compileComputeKernel
  api=4 insize=759 outsize=806 ok=1
Cmd: compileComputeKernel
  api=4 insize=759 outsize=759 ok=1
Cmd: compileComputeKernel
  api=4 insize=759 outsize=753 ok=1
Cmd: compileComputeKernel
  api=4 insize=759 outsize=749 ok=1
Cmd: compileComputeKernel
  api=4 insize=759 outsize=777 ok=1
Cmd: compileComputeKernel
  api=4 insize=759 outsize=872 ok=1
Cmd: preprocessCompute
  insize=924 outsize=958 ok=1
Cmd: compileComputeKernel
  api=9 insize=958 outsize=3377 ok=1
Cmd: compileComputeKernel
  api=9 insize=958 outsize=3377 ok=1
Cmd: compileComputeKernel
  api=9 insize=958 outsize=3381 ok=1
Cmd: compileComputeKernel
  api=9 insize=958 outsize=3427 ok=1
Cmd: compileComputeKernel
  api=9 insize=958 outsize=3420 ok=1
Cmd: compileComputeKernel
  api=9 insize=958 outsize=3612 ok=1
Cmd: compileComputeKernel
  api=4 insize=958 outsize=1465 ok=1
Cmd: compileComputeKernel
  api=4 insize=958 outsize=1620 ok=1
Cmd: compileComputeKernel
  api=4 insize=958 outsize=1499 ok=1
Cmd: compileComputeKernel
  api=4 insize=958 outsize=1616 ok=1
Cmd: preprocessCompute
  insize=13347 outsize=13363 ok=1
Cmd: compileComputeKernel
  api=9 insize=13363 outsize=7802 ok=1
Cmd: compileComputeKernel
  api=9 insize=13363 outsize=22120 ok=1
Cmd: compileComputeKernel
  api=4 insize=13363 outsize=3719 ok=1
Cmd: compileComputeKernel
  api=4 insize=13363 outsize=11279 ok=1
Cmd: compileComputeKernel
  api=4 insize=13363 outsize=10489 ok=1
Cmd: preprocessCompute
  insize=763 outsize=775 ok=1
Cmd: compileComputeKernel
  api=9 insize=775 outsize=14309 ok=1
Cmd: preprocessCompute
  insize=13703 outsize=13751 ok=1
Cmd: compileComputeKernel
  api=9 insize=13751 outsize=3686 ok=1
Cmd: compileComputeKernel
  api=9 insize=13751 outsize=2653 ok=1
Cmd: compileComputeKernel
  api=9 insize=13751 outsize=3976 ok=1
Cmd: compileComputeKernel
  api=9 insize=13751 outsize=3454 ok=1
Cmd: compileComputeKernel
  api=9 insize=13751 outsize=4922 ok=1
Cmd: compileComputeKernel
  api=4 insize=13751 outsize=1558 ok=1
Cmd: compileComputeKernel
  api=4 insize=13751 outsize=1579 ok=1
Cmd: compileComputeKernel
  api=4 insize=13751 outsize=2479 ok=1
Cmd: compileComputeKernel
  api=4 insize=13751 outsize=1916 ok=1
Cmd: preprocessCompute
  insize=11889 outsize=11929 ok=1
Cmd: compileComputeKernel
  api=9 insize=11929 outsize=5527 ok=1
Cmd: compileComputeKernel
  api=9 insize=11929 outsize=7077 ok=1
Cmd: compileComputeKernel
  api=9 insize=11929 outsize=5216 ok=1
Cmd: compileComputeKernel
  api=9 insize=11929 outsize=5425 ok=1
Cmd: compileComputeKernel
  api=9 insize=11929 outsize=5297 ok=1
Cmd: compileComputeKernel
  api=9 insize=11929 outsize=5536 ok=1
Cmd: compileComputeKernel
  api=9 insize=11929 outsize=6994 ok=1
Cmd: compileComputeKernel
  api=4 insize=11929 outsize=2891 ok=1
Cmd: compileComputeKernel
  api=4 insize=11929 outsize=2340 ok=1
Cmd: compileComputeKernel
  api=4 insize=11929 outsize=2299 ok=1
Cmd: compileComputeKernel
  api=4 insize=11929 outsize=2884 ok=1
Cmd: compileComputeKernel
  api=4 insize=11929 outsize=2892 ok=1
Cmd: preprocessCompute
  insize=76435 outsize=76455 ok=1
Cmd: compileComputeKernel
  api=9 insize=76455 outsize=16131 ok=1
Cmd: compileComputeKernel
  api=4 insize=76455 outsize=5015 ok=1
Cmd: compileComputeKernel
  api=4 insize=76455 outsize=11599 ok=1
Cmd: preprocessCompute
  insize=3157 outsize=3167 ok=1
Cmd: compileComputeKernel
  api=9 insize=3167 outsize=4858 ok=1
Cmd: compileComputeKernel
  api=4 insize=3167 outsize=923 ok=1
Cmd: compileComputeKernel
  api=4 insize=3167 outsize=2302 ok=1
Cmd: preprocessCompute
  insize=764 outsize=776 ok=1
Cmd: compileComputeKernel
  api=9 insize=776 outsize=13395 ok=1
Cmd: compileComputeKernel
  error: 1 plat 4 at Conv2d.cginc(756): signed/unsigned mismatch, unsigned assumed
  api=4 insize=776 outsize=9765 ok=1
Cmd: preprocessCompute
  insize=20558 outsize=20570 ok=1
Cmd: compileComputeKernel
  api=9 insize=20570 outsize=72233 ok=1
Cmd: compileComputeKernel
  api=4 insize=20570 outsize=13884 ok=1
Cmd: compileComputeKernel
  api=4 insize=20570 outsize=13948 ok=1
Cmd: compileComputeKernel
  api=4 insize=20570 outsize=14148 ok=1
Cmd: preprocessCompute
  insize=81665 outsize=82071 ok=1
Cmd: compileComputeKernel
  api=9 insize=82071 outsize=3540 ok=1
Cmd: compileComputeKernel
  api=9 insize=82071 outsize=8499 ok=1
Cmd: compileComputeKernel
  api=9 insize=82071 outsize=5954 ok=1
Cmd: compileComputeKernel
  api=9 insize=82071 outsize=7161 ok=1
Cmd: compileComputeKernel
  api=9 insize=82071 outsize=3483 ok=1
Cmd: compileComputeKernel
  api=9 insize=82071 outsize=5085 ok=1
Cmd: compileComputeKernel
  api=9 insize=82071 outsize=3647 ok=1
Cmd: compileComputeKernel
  api=9 insize=82071 outsize=5375 ok=1
Cmd: compileComputeKernel
  api=9 insize=82071 outsize=3302 ok=1
Cmd: compileComputeKernel
  api=9 insize=82071 outsize=3352 ok=1
Cmd: compileComputeKernel
  api=9 insize=82071 outsize=3720 ok=1
Cmd: compileComputeKernel
  api=9 insize=82071 outsize=4816 ok=1
Cmd: compileComputeKernel
  api=9 insize=82071 outsize=3195 ok=1
Cmd: compileComputeKernel
  api=9 insize=82071 outsize=3701 ok=1
Cmd: compileComputeKernel
  api=9 insize=82071 outsize=6859 ok=1
Cmd: compileComputeKernel
  api=9 insize=82071 outsize=6843 ok=1
Cmd: compileComputeKernel
  api=9 insize=82071 outsize=6780 ok=1
Cmd: compileComputeKernel
  api=9 insize=82071 outsize=6782 ok=1
Cmd: compileComputeKernel
  api=9 insize=82071 outsize=6788 ok=1
Cmd: compileComputeKernel
  api=9 insize=82071 outsize=6958 ok=1
Cmd: compileComputeKernel
  api=9 insize=82071 outsize=7261 ok=1
Cmd: compileComputeKernel
  api=9 insize=82071 outsize=6871 ok=1
Cmd: compileComputeKernel
  api=9 insize=82071 outsize=7116 ok=1
Cmd: compileComputeKernel
  api=9 insize=82071 outsize=7237 ok=1
Cmd: compileComputeKernel
  api=9 insize=82071 outsize=6839 ok=1
Cmd: compileComputeKernel
  api=9 insize=82071 outsize=6782 ok=1
Cmd: compileComputeKernel
  api=9 insize=82071 outsize=7420 ok=1
Cmd: compileComputeKernel
  api=9 insize=82071 outsize=7481 ok=1
Cmd: compileComputeKernel
  api=9 insize=82071 outsize=7847 ok=1
Cmd: compileComputeKernel
  api=9 insize=82071 outsize=6780 ok=1
Cmd: compileComputeKernel
  api=9 insize=82071 outsize=6780 ok=1
Cmd: compileComputeKernel
  api=9 insize=82071 outsize=6912 ok=1
Cmd: compileComputeKernel
  api=9 insize=82071 outsize=7519 ok=1
Cmd: compileComputeKernel
  api=9 insize=82071 outsize=9591 ok=1
Cmd: compileComputeKernel
  api=9 insize=82071 outsize=10614 ok=1
Cmd: compileComputeKernel
  api=9 insize=82071 outsize=10611 ok=1
Cmd: compileComputeKernel
  api=9 insize=82071 outsize=10615 ok=1
Cmd: compileComputeKernel
  api=9 insize=82071 outsize=10894 ok=1
Cmd: compileComputeKernel
  api=9 insize=82071 outsize=10677 ok=1
Cmd: compileComputeKernel
  api=9 insize=82071 outsize=10674 ok=1
Cmd: compileComputeKernel
  api=9 insize=82071 outsize=11103 ok=1
Cmd: compileComputeKernel
  api=9 insize=82071 outsize=10994 ok=1
Cmd: compileComputeKernel
  api=9 insize=82071 outsize=13731 ok=1
Cmd: compileComputeKernel
  api=9 insize=82071 outsize=6901 ok=1
Cmd: compileComputeKernel
  api=9 insize=82071 outsize=6701 ok=1
Cmd: compileComputeKernel
  api=9 insize=82071 outsize=6821 ok=1
Cmd: compileComputeKernel
  api=9 insize=82071 outsize=3505 ok=1
Cmd: compileComputeKernel
  api=9 insize=82071 outsize=3249 ok=1
Cmd: compileComputeKernel
  api=9 insize=82071 outsize=4098 ok=1
Cmd: compileComputeKernel
  api=9 insize=82071 outsize=17207 ok=1
Cmd: compileComputeKernel
  api=9 insize=82071 outsize=3184 ok=1
Cmd: compileComputeKernel
  api=4 insize=82071 outsize=10967 ok=1
Cmd: compileComputeKernel
  api=4 insize=82071 outsize=2479 ok=1
Cmd: compileComputeKernel
  api=4 insize=82071 outsize=1634 ok=1
Cmd: compileComputeKernel
  api=4 insize=82071 outsize=2482 ok=1
Cmd: compileComputeKernel
  api=4 insize=82071 outsize=1489 ok=1
Cmd: compileComputeKernel
  api=4 insize=82071 outsize=1689 ok=1
Cmd: compileComputeKernel
  api=4 insize=82071 outsize=2077 ok=1
Cmd: compileComputeKernel
  api=4 insize=82071 outsize=1431 ok=1
Cmd: compileComputeKernel
  api=4 insize=82071 outsize=3685 ok=1
Cmd: compileComputeKernel
  api=4 insize=82071 outsize=3412 ok=1
Cmd: compileComputeKernel
  api=4 insize=82071 outsize=3375 ok=1
Cmd: compileComputeKernel
  api=4 insize=82071 outsize=3372 ok=1
Cmd: compileComputeKernel
  api=4 insize=82071 outsize=3373 ok=1
Cmd: compileComputeKernel
  api=4 insize=82071 outsize=3457 ok=1
Cmd: compileComputeKernel
  api=4 insize=82071 outsize=3608 ok=1
Cmd: compileComputeKernel
  api=4 insize=82071 outsize=3471 ok=1
Cmd: compileComputeKernel
  api=4 insize=82071 outsize=3553 ok=1
Cmd: compileComputeKernel
  api=4 insize=82071 outsize=4872 ok=1
Cmd: compileComputeKernel
  api=4 insize=82071 outsize=3399 ok=1
Cmd: compileComputeKernel
  api=4 insize=82071 outsize=3372 ok=1
Cmd: compileComputeKernel
  api=4 insize=82071 outsize=3684 ok=1
Cmd: compileComputeKernel
  api=4 insize=82071 outsize=3716 ok=1
Cmd: compileComputeKernel
  api=4 insize=82071 outsize=3916 ok=1
Cmd: compileComputeKernel
  api=4 insize=82071 outsize=3375 ok=1
Cmd: compileComputeKernel
  api=4 insize=82071 outsize=3375 ok=1
Cmd: compileComputeKernel
  api=4 insize=82071 outsize=3407 ok=1
Cmd: compileComputeKernel
  api=4 insize=82071 outsize=3576 ok=1
Cmd: compileComputeKernel
  api=4 insize=82071 outsize=5039 ok=1
Cmd: compileComputeKernel
  api=4 insize=82071 outsize=5039 ok=1
Cmd: compileComputeKernel
  api=4 insize=82071 outsize=5479 ok=1
Cmd: compileComputeKernel
  api=4 insize=82071 outsize=5039 ok=1
Cmd: compileComputeKernel
  api=4 insize=82071 outsize=5071 ok=1
Cmd: compileComputeKernel
  api=4 insize=82071 outsize=5068 ok=1
Cmd: compileComputeKernel
  api=4 insize=82071 outsize=5069 ok=1
Cmd: compileComputeKernel
  api=4 insize=82071 outsize=5218 ok=1
Cmd: compileComputeKernel
  api=4 insize=82071 outsize=3414 ok=1
Cmd: compileComputeKernel
  api=4 insize=82071 outsize=6504 ok=1
Cmd: compileComputeKernel
  api=4 insize=82071 outsize=3574 ok=1
Cmd: compileComputeKernel
  api=4 insize=82071 outsize=3429 ok=1
Cmd: compileComputeKernel
  api=4 insize=82071 outsize=3310 ok=1
Cmd: compileComputeKernel
  api=4 insize=82071 outsize=2210 ok=1
Cmd: compileComputeKernel
  api=4 insize=82071 outsize=1680 ok=1
Cmd: compileComputeKernel
  api=4 insize=82071 outsize=3761 ok=1
Cmd: compileComputeKernel
  api=4 insize=82071 outsize=923 ok=1
Cmd: compileComputeKernel
  api=4 insize=82071 outsize=2302 ok=1
Cmd: compileComputeKernel
  api=4 insize=82071 outsize=3114 ok=1
Cmd: compileComputeKernel
  api=4 insize=82071 outsize=3638 ok=1
Cmd: compileComputeKernel
  api=4 insize=82071 outsize=4831 ok=1
Cmd: preprocessCompute
  insize=4219 outsize=4231 ok=1
Cmd: compileComputeKernel
  api=9 insize=4231 outsize=4631 ok=1
Cmd: compileComputeKernel
  api=9 insize=4231 outsize=6922 ok=1
Cmd: compileComputeKernel
  api=4 insize=4231 outsize=3544 ok=1
Cmd: preprocessCompute
  insize=4426 outsize=4442 ok=1
Cmd: compileComputeKernel
  api=9 insize=4442 outsize=3281 ok=1
Cmd: compileComputeKernel
  api=9 insize=4442 outsize=3752 ok=1
Cmd: compileComputeKernel
  api=4 insize=4442 outsize=1449 ok=1
Cmd: compileComputeKernel
  api=4 insize=4442 outsize=1750 ok=1
Cmd: preprocessCompute
  insize=1896 outsize=1900 ok=1
Cmd: compileComputeKernel
  api=9 insize=1900 outsize=6339 ok=1
Cmd: preprocessCompute
  insize=924 outsize=958 ok=1
Cmd: compileComputeKernel
  api=9 insize=958 outsize=3377 ok=1
Cmd: compileComputeKernel
  api=9 insize=958 outsize=4130 ok=1
Cmd: compileComputeKernel
  api=9 insize=958 outsize=3418 ok=1
Cmd: compileComputeKernel
  api=9 insize=958 outsize=3458 ok=1
Cmd: compileComputeKernel
  api=4 insize=958 outsize=1469 ok=1
Cmd: compileComputeKernel
  api=4 insize=958 outsize=1497 ok=1
Cmd: compileComputeKernel
  api=4 insize=958 outsize=1765 ok=1
Cmd: preprocessCompute
  insize=451 outsize=467 ok=1
Cmd: compileComputeKernel
  api=9 insize=467 outsize=7204 ok=1
Cmd: compileComputeKernel
  api=9 insize=467 outsize=11764 ok=1
Cmd: compileComputeKernel
  api=4 insize=467 outsize=3140 ok=1
Cmd: preprocessCompute
  insize=451 outsize=467 ok=1
Cmd: compileComputeKernel
  api=9 insize=467 outsize=7588 ok=1
Cmd: compileComputeKernel
  api=9 insize=467 outsize=12485 ok=1
Cmd: compileComputeKernel
  api=4 insize=467 outsize=3159 ok=1
Cmd: preprocessCompute
  insize=10283 outsize=10641 ok=1
Cmd: compileComputeKernel
  api=9 insize=10641 outsize=1881 ok=1
Cmd: compileComputeKernel
  api=9 insize=10641 outsize=1452 ok=1
Cmd: compileComputeKernel
  api=9 insize=10641 outsize=1982 ok=1
Cmd: compileComputeKernel
  api=9 insize=10641 outsize=2439 ok=1
Cmd: compileComputeKernel
  api=9 insize=10641 outsize=2131 ok=1
Cmd: compileComputeKernel
  api=9 insize=10641 outsize=2232 ok=1
Cmd: compileComputeKernel
  api=9 insize=10641 outsize=2019 ok=1
Cmd: compileComputeKernel
  api=9 insize=10641 outsize=2070 ok=1
Cmd: compileComputeKernel
  api=9 insize=10641 outsize=1561 ok=1
Cmd: compileComputeKernel
  api=9 insize=10641 outsize=2179 ok=1
Cmd: compileComputeKernel
  api=9 insize=10641 outsize=2040 ok=1
Cmd: compileComputeKernel
  api=9 insize=10641 outsize=2503 ok=1
Cmd: compileComputeKernel
  api=9 insize=10641 outsize=2606 ok=1
Cmd: compileComputeKernel
  api=9 insize=10641 outsize=2143 ok=1
Cmd: compileComputeKernel
  api=9 insize=10641 outsize=2141 ok=1
Cmd: compileComputeKernel
  api=9 insize=10641 outsize=2033 ok=1
Cmd: compileComputeKernel
  api=9 insize=10641 outsize=2077 ok=1
Cmd: compileComputeKernel
  api=9 insize=10641 outsize=2979 ok=1
Cmd: compileComputeKernel
  api=9 insize=10641 outsize=3267 ok=1
Cmd: compileComputeKernel
  api=9 insize=10641 outsize=3274 ok=1
Cmd: compileComputeKernel
  api=9 insize=10641 outsize=3134 ok=1
Cmd: compileComputeKernel
  api=9 insize=10641 outsize=3178 ok=1
Cmd: compileComputeKernel
  api=9 insize=10641 outsize=3189 ok=1
Cmd: compileComputeKernel
  api=9 insize=10641 outsize=3031 ok=1
Cmd: compileComputeKernel
  api=9 insize=10641 outsize=2976 ok=1
Cmd: compileComputeKernel
  api=9 insize=10641 outsize=3102 ok=1
Cmd: compileComputeKernel
  api=9 insize=10641 outsize=3114 ok=1
Cmd: compileComputeKernel
  api=9 insize=10641 outsize=3042 ok=1
Cmd: compileComputeKernel
  api=9 insize=10641 outsize=3417 ok=1
Cmd: compileComputeKernel
  api=9 insize=10641 outsize=3564 ok=1
Cmd: compileComputeKernel
  api=9 insize=10641 outsize=3220 ok=1
Cmd: compileComputeKernel
  api=9 insize=10641 outsize=3768 ok=1
Cmd: compileComputeKernel
  api=9 insize=10641 outsize=2935 ok=1
Cmd: compileComputeKernel
  api=9 insize=10641 outsize=3099 ok=1
Cmd: compileComputeKernel
  api=9 insize=10641 outsize=2935 ok=1
Cmd: compileComputeKernel
  api=9 insize=10641 outsize=3102 ok=1
Cmd: compileComputeKernel
  api=9 insize=10641 outsize=3034 ok=1
Cmd: compileComputeKernel
  api=9 insize=10641 outsize=3093 ok=1
Cmd: compileComputeKernel
  api=4 insize=10641 outsize=831 ok=1
Cmd: compileComputeKernel
  api=4 insize=10641 outsize=857 ok=1
Cmd: compileComputeKernel
  api=4 insize=10641 outsize=857 ok=1
Cmd: compileComputeKernel
  api=4 insize=10641 outsize=1081 ok=1
Cmd: compileComputeKernel
  api=4 insize=10641 outsize=847 ok=1
Cmd: compileComputeKernel
  api=4 insize=10641 outsize=787 ok=1
Cmd: compileComputeKernel
  api=4 insize=10641 outsize=882 ok=1
Cmd: compileComputeKernel
  api=4 insize=10641 outsize=1313 ok=1
Cmd: compileComputeKernel
  api=4 insize=10641 outsize=886 ok=1
Cmd: compileComputeKernel
  api=4 insize=10641 outsize=838 ok=1
Cmd: compileComputeKernel
  api=4 insize=10641 outsize=629 ok=1
Cmd: compileComputeKernel
  api=4 insize=10641 outsize=846 ok=1
Cmd: compileComputeKernel
  api=4 insize=10641 outsize=804 ok=1
Cmd: compileComputeKernel
  api=4 insize=10641 outsize=1269 ok=1
Cmd: compileComputeKernel
  api=4 insize=10641 outsize=1298 ok=1
Cmd: compileComputeKernel
  api=4 insize=10641 outsize=1258 ok=1
Cmd: compileComputeKernel
  api=4 insize=10641 outsize=1137 ok=1
Cmd: compileComputeKernel
  api=4 insize=10641 outsize=1524 ok=1
Cmd: compileComputeKernel
  api=4 insize=10641 outsize=1520 ok=1
Cmd: compileComputeKernel
  api=4 insize=10641 outsize=1520 ok=1
Cmd: compileComputeKernel
  api=4 insize=10641 outsize=1369 ok=1
Cmd: compileComputeKernel
  api=4 insize=10641 outsize=1306 ok=1
Cmd: compileComputeKernel
  api=4 insize=10641 outsize=1329 ok=1
Cmd: compileComputeKernel
  api=4 insize=10641 outsize=1300 ok=1
Cmd: compileComputeKernel
  api=4 insize=10641 outsize=1402 ok=1
Cmd: compileComputeKernel
  api=4 insize=10641 outsize=1336 ok=1
Cmd: compileComputeKernel
  api=4 insize=10641 outsize=1288 ok=1
Cmd: compileComputeKernel
  api=4 insize=10641 outsize=1288 ok=1
Cmd: compileComputeKernel
  api=4 insize=10641 outsize=1261 ok=1
Cmd: compileComputeKernel
  api=4 insize=10641 outsize=1346 ok=1
Cmd: compileComputeKernel
  api=4 insize=10641 outsize=1843 ok=1
Cmd: compileComputeKernel
  api=4 insize=10641 outsize=1387 ok=1
Cmd: compileComputeKernel
  api=4 insize=10641 outsize=1596 ok=1
Cmd: compileComputeKernel
  api=4 insize=10641 outsize=1397 ok=1
Cmd: compileComputeKernel
  api=4 insize=10641 outsize=1628 ok=1
Cmd: compileComputeKernel
  api=4 insize=10641 outsize=1397 ok=1
Cmd: compileComputeKernel
  api=4 insize=10641 outsize=1828 ok=1
Cmd: compileComputeKernel
  api=4 insize=10641 outsize=1401 ok=1
Cmd: compileComputeKernel
  api=4 insize=10641 outsize=1287 ok=1
Cmd: compileComputeKernel
  api=4 insize=10641 outsize=1380 ok=1
Cmd: compileComputeKernel
  api=4 insize=10641 outsize=1287 ok=1
Cmd: compileComputeKernel
  api=4 insize=10641 outsize=1361 ok=1
Cmd: compileComputeKernel
  api=4 insize=10641 outsize=1256 ok=1
Cmd: initializeCompiler
Cmd: preprocessCompute
  insize=4446 outsize=4458 ok=1
Cmd: compileComputeKernel
  api=9 insize=4458 outsize=7343 ok=1
Cmd: compileComputeKernel
  api=9 insize=4458 outsize=6946 ok=1
Cmd: compileComputeKernel
  api=4 insize=4458 outsize=3368 ok=1
