Base path: 'C:/Program Files/Unity/Hub/Editor/2019.2.10f1/Editor/Data', plugins path 'C:/Program Files/Unity/Hub/Editor/2019.2.10f1/Editor/Data/PlaybackEngines'
Cmd: initializeCompiler
Cmd: compileComputeKernel
  api=9 insize=12109 outsize=3558 ok=1
Cmd: compileComputeKernel
  api=9 insize=12109 outsize=4919 ok=1
Cmd: compileComputeKernel
  api=9 insize=12109 outsize=2917 ok=1
Cmd: compileComputeKernel
  api=4 insize=12109 outsize=1499 ok=1
Cmd: compileComputeKernel
  api=4 insize=12109 outsize=1126 ok=1
Cmd: compileComputeKernel
  api=4 insize=12109 outsize=1863 ok=1
Cmd: compileComputeKernel
  api=4 insize=12109 outsize=1931 ok=1
Cmd: compileComputeKernel
  api=4 insize=12109 outsize=2631 ok=1
Cmd: compileComputeKernel
  api=4 insize=12109 outsize=2218 ok=1
Cmd: compileComputeKernel
  api=9 insize=72903 outsize=16024 ok=1
Cmd: compileComputeKernel
  api=4 insize=72903 outsize=7888 ok=1
Cmd: compileComputeKernel
  api=9 insize=11985 outsize=3238 ok=1
Cmd: compileComputeKernel
  api=9 insize=11985 outsize=3238 ok=1
Cmd: compileComputeKernel
  api=9 insize=11985 outsize=3991 ok=1
Cmd: compileComputeKernel
  api=9 insize=11985 outsize=3242 ok=1
Cmd: compileComputeKernel
  api=9 insize=11985 outsize=3282 ok=1
Cmd: compileComputeKernel
  api=9 insize=11985 outsize=3279 ok=1
Cmd: compileComputeKernel
  api=9 insize=11985 outsize=3285 ok=1
Cmd: compileComputeKernel
  api=9 insize=11985 outsize=3484 ok=1
Cmd: compileComputeKernel
  api=9 insize=11985 outsize=3473 ok=1
Cmd: compileComputeKernel
  api=4 insize=11985 outsize=1465 ok=1
Cmd: compileComputeKernel
  api=4 insize=11985 outsize=1469 ok=1
Cmd: compileComputeKernel
  api=4 insize=11985 outsize=1465 ok=1
Cmd: compileComputeKernel
  api=4 insize=11985 outsize=1905 ok=1
Cmd: compileComputeKernel
  api=4 insize=11985 outsize=1465 ok=1
Cmd: compileComputeKernel
  api=4 insize=11985 outsize=1497 ok=1
Cmd: compileComputeKernel
  api=4 insize=11985 outsize=1502 ok=1
Cmd: compileComputeKernel
  api=4 insize=11985 outsize=1499 ok=1
Cmd: compileComputeKernel
  api=4 insize=11985 outsize=1611 ok=1
Cmd: compileComputeKernel
  api=4 insize=11985 outsize=1528 ok=1
Cmd: compileComputeKernel
  api=9 insize=79248 outsize=13288 ok=1
Cmd: compileComputeKernel
  api=9 insize=79248 outsize=20875 ok=1
Cmd: compileComputeKernel
  api=9 insize=79248 outsize=19740 ok=1
Cmd: compileComputeKernel
  api=9 insize=79248 outsize=57394 ok=1
Cmd: compileComputeKernel
  api=9 insize=79248 outsize=51986 ok=1
Cmd: compileComputeKernel
  api=9 insize=79248 outsize=3330 ok=1
Cmd: compileComputeKernel
  api=9 insize=79248 outsize=4072 ok=1
Cmd: compileComputeKernel
  api=9 insize=79248 outsize=3955 ok=1
Cmd: compileComputeKernel
  api=9 insize=79248 outsize=26162 ok=1
Cmd: compileComputeKernel
  api=4 insize=79248 outsize=2787 ok=1
Cmd: compileComputeKernel
  api=4 insize=79248 outsize=6812 ok=1
Cmd: compileComputeKernel
  api=4 insize=79248 outsize=12420 ok=1
Cmd: compileComputeKernel
  api=4 insize=79248 outsize=11481 ok=1
Cmd: compileComputeKernel
  api=4 insize=79248 outsize=9837 ok=1
Cmd: compileComputeKernel
  api=4 insize=79248 outsize=27129 ok=1
Cmd: compileComputeKernel
  api=4 insize=79248 outsize=35630 ok=1
Cmd: compileComputeKernel
  api=4 insize=79248 outsize=4420 ok=1
Cmd: compileComputeKernel
  api=4 insize=79248 outsize=4420 ok=1
Cmd: compileComputeKernel
  api=4 insize=79248 outsize=3084 ok=1
Cmd: compileComputeKernel
  api=4 insize=79248 outsize=3084 ok=1
Cmd: compileComputeKernel
  api=4 insize=79248 outsize=3725 ok=1
Cmd: compileComputeKernel
  api=4 insize=79248 outsize=3725 ok=1
Cmd: compileComputeKernel
  api=4 insize=79248 outsize=12236 ok=1
Cmd: compileComputeKernel
  api=9 insize=18301 outsize=4643 ok=1
Cmd: compileComputeKernel
  api=9 insize=18301 outsize=7466 ok=1
Cmd: compileComputeKernel
  api=9 insize=18301 outsize=7320 ok=1
Cmd: compileComputeKernel
  api=9 insize=18301 outsize=12669 ok=1
Cmd: compileComputeKernel
  api=4 insize=18301 outsize=2137 ok=1
Cmd: compileComputeKernel
  api=4 insize=18301 outsize=3271 ok=1
Cmd: compileComputeKernel
  api=4 insize=18301 outsize=3256 ok=1
Cmd: compileComputeKernel
  api=4 insize=18301 outsize=5585 ok=1
Cmd: compileComputeKernel
  api=9 insize=66874 outsize=6417 ok=1
Cmd: compileComputeKernel
  api=9 insize=66874 outsize=5870 ok=1
Cmd: compileComputeKernel
  api=9 insize=66874 outsize=7084 ok=1
Cmd: compileComputeKernel
  api=9 insize=66874 outsize=3445 ok=1
Cmd: compileComputeKernel
  api=9 insize=66874 outsize=5287 ok=1
Cmd: compileComputeKernel
  api=9 insize=66874 outsize=3608 ok=1
Cmd: compileComputeKernel
  api=9 insize=66874 outsize=5328 ok=1
Cmd: compileComputeKernel
  api=9 insize=66874 outsize=3269 ok=1
Cmd: compileComputeKernel
  api=9 insize=66874 outsize=3279 ok=1
Cmd: compileComputeKernel
  api=9 insize=66874 outsize=3305 ok=1
Cmd: compileComputeKernel
  api=9 insize=66874 outsize=3673 ok=1
Cmd: compileComputeKernel
  api=9 insize=66874 outsize=4389 ok=1
Cmd: compileComputeKernel
  api=9 insize=66874 outsize=3148 ok=1
Cmd: compileComputeKernel
  api=9 insize=66874 outsize=3654 ok=1
Cmd: compileComputeKernel
  api=9 insize=66874 outsize=3708 ok=1
Cmd: compileComputeKernel
  api=9 insize=66874 outsize=6603 ok=1
Cmd: compileComputeKernel
  api=9 insize=66874 outsize=2999 ok=1
Cmd: compileComputeKernel
  api=9 insize=66874 outsize=2997 ok=1
Cmd: compileComputeKernel
  api=9 insize=66874 outsize=3003 ok=1
Cmd: compileComputeKernel
  api=9 insize=66874 outsize=3128 ok=1
Cmd: compileComputeKernel
  api=9 insize=66874 outsize=3496 ok=1
Cmd: compileComputeKernel
  api=9 insize=66874 outsize=3338 ok=1
Cmd: compileComputeKernel
  api=9 insize=66874 outsize=3118 ok=1
Cmd: compileComputeKernel
  api=9 insize=66874 outsize=3253 ok=1
Cmd: compileComputeKernel
  api=9 insize=66874 outsize=4159 ok=1
Cmd: compileComputeKernel
  api=9 insize=66874 outsize=3331 ok=1
Cmd: compileComputeKernel
  api=9 insize=66874 outsize=3041 ok=1
Cmd: compileComputeKernel
  api=9 insize=66874 outsize=3740 ok=1
Cmd: compileComputeKernel
  api=9 insize=66874 outsize=3106 ok=1
Cmd: compileComputeKernel
  api=9 insize=66874 outsize=3780 ok=1
Cmd: compileComputeKernel
  api=9 insize=66874 outsize=4201 ok=1
Cmd: compileComputeKernel
  api=9 insize=66874 outsize=4198 ok=1
Cmd: compileComputeKernel
  api=9 insize=66874 outsize=4963 ok=1
Cmd: compileComputeKernel
  api=9 insize=66874 outsize=4202 ok=1
Cmd: compileComputeKernel
  api=9 insize=66874 outsize=4239 ok=1
Cmd: compileComputeKernel
  api=9 insize=66874 outsize=4484 ok=1
Cmd: compileComputeKernel
  api=9 insize=66874 outsize=2994 ok=1
Cmd: compileComputeKernel
  api=9 insize=66874 outsize=3048 ok=1
Cmd: compileComputeKernel
  api=9 insize=66874 outsize=4827 ok=1
Cmd: compileComputeKernel
  api=9 insize=66874 outsize=7744 ok=1
Cmd: compileComputeKernel
  api=9 insize=66874 outsize=3208 ok=1
Cmd: compileComputeKernel
  api=9 insize=66874 outsize=5405 ok=1
Cmd: compileComputeKernel
  api=9 insize=66874 outsize=4877 ok=1
Cmd: compileComputeKernel
  api=4 insize=66874 outsize=2922 ok=1
Cmd: compileComputeKernel
  api=4 insize=66874 outsize=2795 ok=1
Cmd: compileComputeKernel
  api=4 insize=66874 outsize=3099 ok=1
Cmd: compileComputeKernel
  api=4 insize=66874 outsize=1579 ok=1
Cmd: compileComputeKernel
  api=4 insize=66874 outsize=1579 ok=1
Cmd: compileComputeKernel
  api=4 insize=66874 outsize=2479 ok=1
Cmd: compileComputeKernel
  api=4 insize=66874 outsize=1634 ok=1
Cmd: compileComputeKernel
  api=4 insize=66874 outsize=2634 ok=1
Cmd: compileComputeKernel
  api=4 insize=66874 outsize=2482 ok=1
Cmd: compileComputeKernel
  api=4 insize=66874 outsize=1461 ok=1
Cmd: compileComputeKernel
  api=4 insize=66874 outsize=2041 ok=1
Cmd: compileComputeKernel
  api=4 insize=66874 outsize=1287 ok=1
Cmd: compileComputeKernel
  api=4 insize=66874 outsize=1369 ok=1
Cmd: compileComputeKernel
  api=4 insize=66874 outsize=1682 ok=1
Cmd: compileComputeKernel
  api=4 insize=66874 outsize=1311 ok=1
Cmd: compileComputeKernel
  api=4 insize=66874 outsize=1284 ok=1
Cmd: compileComputeKernel
  api=4 insize=66874 outsize=1387 ok=1
Cmd: compileComputeKernel
  api=4 insize=66874 outsize=1364 ok=1
Cmd: compileComputeKernel
  api=4 insize=66874 outsize=1819 ok=1
Cmd: compileComputeKernel
  api=4 insize=66874 outsize=1819 ok=1
Cmd: compileComputeKernel
  api=4 insize=66874 outsize=2259 ok=1
Cmd: compileComputeKernel
  api=4 insize=66874 outsize=1851 ok=1
Cmd: compileComputeKernel
  api=4 insize=66874 outsize=1849 ok=1
Cmd: compileComputeKernel
  api=4 insize=66874 outsize=1326 ok=1
Cmd: compileComputeKernel
  api=4 insize=66874 outsize=1341 ok=1
Cmd: compileComputeKernel
  api=4 insize=66874 outsize=1346 ok=1
Cmd: compileComputeKernel
  api=4 insize=66874 outsize=2026 ok=1
Cmd: compileComputeKernel
  api=4 insize=66874 outsize=3368 ok=1
Cmd: compileComputeKernel
  api=4 insize=66874 outsize=1590 ok=1
Cmd: compileComputeKernel
  api=4 insize=66874 outsize=1449 ok=1
Cmd: compileComputeKernel
  api=4 insize=66874 outsize=1750 ok=1
Cmd: compileComputeKernel
  api=4 insize=66874 outsize=2421 ok=1
Cmd: compileComputeKernel
  api=4 insize=66874 outsize=1382 ok=1
Cmd: compileComputeKernel
  api=9 insize=4442 outsize=3218 ok=1
Cmd: compileComputeKernel
  api=9 insize=4442 outsize=3716 ok=1
Cmd: compileComputeKernel
  api=4 insize=4442 outsize=1590 ok=1
Cmd: compileComputeKernel
  api=4 insize=4442 outsize=1449 ok=1
Cmd: compileComputeKernel
  api=4 insize=4442 outsize=1684 ok=1
Cmd: compileComputeKernel
  api=4 insize=4442 outsize=1750 ok=1
Cmd: compileComputeKernel
  api=9 insize=1900 outsize=6232 ok=1
Cmd: compileComputeKernel
  api=4 insize=1900 outsize=3122 ok=1
Cmd: compileComputeKernel
  api=9 insize=34089 outsize=1776 ok=1
Cmd: compileComputeKernel
  api=9 insize=34089 outsize=1445 ok=1
Cmd: compileComputeKernel
  api=9 insize=34089 outsize=1873 ok=1
Cmd: compileComputeKernel
  api=9 insize=34089 outsize=1798 ok=1
Cmd: compileComputeKernel
  api=9 insize=34089 outsize=1893 ok=1
Cmd: compileComputeKernel
  api=9 insize=34089 outsize=1816 ok=1
Cmd: compileComputeKernel
  api=9 insize=34089 outsize=2332 ok=1
Cmd: compileComputeKernel
  api=9 insize=34089 outsize=2210 ok=1
Cmd: compileComputeKernel
  api=9 insize=34089 outsize=2000 ok=1
Cmd: compileComputeKernel
  api=9 insize=34089 outsize=1997 ok=1
Cmd: compileComputeKernel
  api=9 insize=34089 outsize=2125 ok=1
Cmd: compileComputeKernel
  api=9 insize=34089 outsize=1967 ok=1
Cmd: compileComputeKernel
  api=9 insize=34089 outsize=1873 ok=1
Cmd: compileComputeKernel
  api=9 insize=34089 outsize=1976 ok=1
Cmd: compileComputeKernel
  api=9 insize=34089 outsize=1934 ok=1
Cmd: compileComputeKernel
  api=9 insize=34089 outsize=1945 ok=1
Cmd: compileComputeKernel
  api=9 insize=34089 outsize=2440 ok=1
Cmd: compileComputeKernel
  api=9 insize=34089 outsize=2834 ok=1
Cmd: compileComputeKernel
  api=9 insize=34089 outsize=2872 ok=1
Cmd: compileComputeKernel
  api=9 insize=34089 outsize=2950 ok=1
Cmd: compileComputeKernel
  api=9 insize=34089 outsize=3986 ok=1
Cmd: compileComputeKernel
  api=9 insize=34089 outsize=3160 ok=1
Cmd: compileComputeKernel
  api=9 insize=34089 outsize=3167 ok=1
Cmd: compileComputeKernel
  api=9 insize=34089 outsize=3217 ok=1
Cmd: compileComputeKernel
  api=9 insize=34089 outsize=3074 ok=1
Cmd: compileComputeKernel
  api=9 insize=34089 outsize=2954 ok=1
Cmd: compileComputeKernel
  api=9 insize=34089 outsize=3024 ok=1
Cmd: compileComputeKernel
  api=9 insize=34089 outsize=3144 ok=1
Cmd: compileComputeKernel
  api=9 insize=34089 outsize=3002 ok=1
Cmd: compileComputeKernel
  api=9 insize=34089 outsize=2994 ok=1
Cmd: compileComputeKernel
  api=9 insize=34089 outsize=2870 ok=1
Cmd: compileComputeKernel
  api=9 insize=34089 outsize=2830 ok=1
Cmd: compileComputeKernel
  api=9 insize=34089 outsize=2912 ok=1
Cmd: compileComputeKernel
  api=9 insize=34089 outsize=3054 ok=1
Cmd: compileComputeKernel
  api=9 insize=34089 outsize=3325 ok=1
Cmd: compileComputeKernel
  api=9 insize=34089 outsize=2935 ok=1
Cmd: compileComputeKernel
  api=4 insize=34089 outsize=677 ok=1
Cmd: compileComputeKernel
  api=4 insize=34089 outsize=772 ok=1
Cmd: compileComputeKernel
  api=4 insize=34089 outsize=629 ok=1
Cmd: compileComputeKernel
  api=4 insize=34089 outsize=622 ok=1
Cmd: compileComputeKernel
  api=4 insize=34089 outsize=675 ok=1
Cmd: compileComputeKernel
  api=4 insize=34089 outsize=680 ok=1
Cmd: compileComputeKernel
  api=4 insize=34089 outsize=682 ok=1
Cmd: compileComputeKernel
  api=4 insize=34089 outsize=711 ok=1
Cmd: compileComputeKernel
  api=4 insize=34089 outsize=937 ok=1
Cmd: compileComputeKernel
  api=4 insize=34089 outsize=910 ok=1
Cmd: compileComputeKernel
  api=4 insize=34089 outsize=1005 ok=1
Cmd: compileComputeKernel
  api=4 insize=34089 outsize=854 ok=1
Cmd: compileComputeKernel
  api=4 insize=34089 outsize=848 ok=1
Cmd: compileComputeKernel
  api=4 insize=34089 outsize=950 ok=1
Cmd: compileComputeKernel
  api=4 insize=34089 outsize=844 ok=1
Cmd: compileComputeKernel
  api=4 insize=34089 outsize=796 ok=1
Cmd: compileComputeKernel
  api=4 insize=34089 outsize=796 ok=1
Cmd: compileComputeKernel
  api=4 insize=34089 outsize=674 ok=1
Cmd: compileComputeKernel
  api=4 insize=34089 outsize=759 ok=1
Cmd: compileComputeKernel
  api=4 insize=34089 outsize=716 ok=1
Cmd: compileComputeKernel
  api=4 insize=34089 outsize=811 ok=1
Cmd: compileComputeKernel
  api=4 insize=34089 outsize=1035 ok=1
Cmd: compileComputeKernel
  api=4 insize=34089 outsize=1292 ok=1
Cmd: compileComputeKernel
  api=4 insize=34089 outsize=1229 ok=1
Cmd: compileComputeKernel
  api=4 insize=34089 outsize=1321 ok=1
Cmd: compileComputeKernel
  api=4 insize=34089 outsize=1258 ok=1
Cmd: compileComputeKernel
  api=4 insize=34089 outsize=1137 ok=1
Cmd: compileComputeKernel
  api=4 insize=34089 outsize=1524 ok=1
Cmd: compileComputeKernel
  api=4 insize=34089 outsize=1484 ok=1
Cmd: compileComputeKernel
  api=4 insize=34089 outsize=1497 ok=1
Cmd: compileComputeKernel
  api=4 insize=34089 outsize=1346 ok=1
Cmd: compileComputeKernel
  api=4 insize=34089 outsize=1363 ok=1
Cmd: compileComputeKernel
  api=4 insize=34089 outsize=1300 ok=1
Cmd: compileComputeKernel
  api=4 insize=34089 outsize=1442 ok=1
Cmd: compileComputeKernel
  api=4 insize=34089 outsize=1359 ok=1
Cmd: compileComputeKernel
  api=4 insize=34089 outsize=1296 ok=1
Cmd: compileComputeKernel
  api=4 insize=34089 outsize=1311 ok=1
Cmd: compileComputeKernel
  api=4 insize=34089 outsize=1311 ok=1
Cmd: compileComputeKernel
  api=4 insize=34089 outsize=1248 ok=1
Cmd: compileComputeKernel
  api=4 insize=34089 outsize=1261 ok=1
Cmd: compileComputeKernel
  api=4 insize=34089 outsize=1618 ok=1
Cmd: initializeCompiler
Cmd: compileComputeKernel
  api=9 insize=222 outsize=1486 ok=1
Cmd: compileComputeKernel
  api=9 insize=222 outsize=1452 ok=1
Cmd: compileComputeKernel
  api=4 insize=222 outsize=775 ok=1
Cmd: compileComputeKernel
  api=9 insize=2847 outsize=7211 ok=1
Cmd: compileComputeKernel
  api=4 insize=2847 outsize=3554 ok=1
Cmd: compileComputeKernel
  api=9 insize=3405 outsize=57801 ok=1
Cmd: compileComputeKernel
  api=9 insize=3405 outsize=52339 ok=1
Cmd: compileComputeKernel
  api=9 insize=3405 outsize=3437 ok=1
Cmd: compileComputeKernel
  api=9 insize=3405 outsize=4179 ok=1
Cmd: compileComputeKernel
  api=9 insize=3405 outsize=4062 ok=1
Cmd: compileComputeKernel
  api=9 insize=3405 outsize=10421 ok=1
Cmd: compileComputeKernel
  api=9 insize=3405 outsize=31418 ok=1
Cmd: compileComputeKernel
  api=4 insize=3405 outsize=27245 ok=1
Cmd: compileComputeKernel
  api=4 insize=3405 outsize=35766 ok=1
Cmd: compileComputeKernel
  api=4 insize=3405 outsize=30674 ok=1
Cmd: compileComputeKernel
  api=9 insize=18478 outsize=15103 ok=1
Cmd: compileComputeKernel
  api=9 insize=18478 outsize=30870 ok=1
Cmd: compileComputeKernel
  api=4 insize=18478 outsize=7656 ok=1
Cmd: compileComputeKernel
  api=4 insize=18478 outsize=43064 ok=1
Cmd: compileComputeKernel
  api=9 insize=759 outsize=1889 ok=1
Cmd: compileComputeKernel
  api=9 insize=759 outsize=2190 ok=1
Cmd: compileComputeKernel
  api=9 insize=759 outsize=1666 ok=1
Cmd: compileComputeKernel
  api=9 insize=759 outsize=1673 ok=1
Cmd: compileComputeKernel
  api=9 insize=759 outsize=2706 ok=1
Cmd: compileComputeKernel
  api=4 insize=759 outsize=777 ok=1
Cmd: compileComputeKernel
  api=4 insize=759 outsize=1094 ok=1
Cmd: compileComputeKernel
  api=4 insize=759 outsize=791 ok=1
Cmd: compileComputeKernel
  api=4 insize=759 outsize=777 ok=1
Cmd: compileComputeKernel
  api=4 insize=759 outsize=1035 ok=1
Cmd: compileComputeKernel
  api=9 insize=958 outsize=3377 ok=1
Cmd: compileComputeKernel
  api=9 insize=958 outsize=4130 ok=1
Cmd: compileComputeKernel
  api=9 insize=958 outsize=3421 ok=1
Cmd: compileComputeKernel
  api=9 insize=958 outsize=3424 ok=1
Cmd: compileComputeKernel
  api=9 insize=958 outsize=3458 ok=1
Cmd: compileComputeKernel
  api=4 insize=958 outsize=1465 ok=1
Cmd: compileComputeKernel
  api=4 insize=958 outsize=1469 ok=1
Cmd: compileComputeKernel
  api=4 insize=958 outsize=1465 ok=1
Cmd: compileComputeKernel
  api=4 insize=958 outsize=1497 ok=1
Cmd: compileComputeKernel
  api=4 insize=958 outsize=1495 ok=1
Cmd: compileComputeKernel
  api=4 insize=958 outsize=1765 ok=1
Cmd: compileComputeKernel
  api=9 insize=13363 outsize=7771 ok=1
Cmd: compileComputeKernel
  api=9 insize=13363 outsize=21908 ok=1
Cmd: compileComputeKernel
  api=4 insize=13363 outsize=3683 ok=1
Cmd: compileComputeKernel
  api=4 insize=13363 outsize=11359 ok=1
Cmd: compileComputeKernel
  api=4 insize=13363 outsize=10417 ok=1
Cmd: compileComputeKernel
  api=9 insize=775 outsize=5903 ok=1
Cmd: compileComputeKernel
  api=9 insize=775 outsize=28277 ok=1
Cmd: compileComputeKernel
  error: 1 plat 4 at Conv2d.cginc(773): signed/unsigned mismatch, unsigned assumed
  api=4 insize=775 outsize=11445 ok=1
Cmd: compileComputeKernel
  api=9 insize=13751 outsize=3585 ok=1
Cmd: compileComputeKernel
  api=9 insize=13751 outsize=2783 ok=1
Cmd: compileComputeKernel
  api=9 insize=13751 outsize=3959 ok=1
Cmd: compileComputeKernel
  api=9 insize=13751 outsize=4163 ok=1
Cmd: compileComputeKernel
  api=9 insize=13751 outsize=5047 ok=1
Cmd: compileComputeKernel
  api=9 insize=13751 outsize=3039 ok=1
Cmd: compileComputeKernel
  api=9 insize=13751 outsize=3795 ok=1
Cmd: compileComputeKernel
  api=4 insize=13751 outsize=1558 ok=1
Cmd: compileComputeKernel
  api=4 insize=13751 outsize=1046 ok=1
Cmd: compileComputeKernel
  api=4 insize=13751 outsize=1099 ok=1
Cmd: compileComputeKernel
  api=4 insize=13751 outsize=1198 ok=1
Cmd: compileComputeKernel
  api=4 insize=13751 outsize=1848 ok=1
Cmd: compileComputeKernel
  api=4 insize=13751 outsize=1971 ok=1
Cmd: compileComputeKernel
  api=4 insize=13751 outsize=1579 ok=1
Cmd: compileComputeKernel
  api=4 insize=13751 outsize=2218 ok=1
Cmd: compileComputeKernel
  api=4 insize=13751 outsize=1585 ok=1
Cmd: compileComputeKernel
  api=9 insize=11929 outsize=7073 ok=1
Cmd: compileComputeKernel
  api=9 insize=11929 outsize=6967 ok=1
Cmd: compileComputeKernel
  api=9 insize=11929 outsize=7024 ok=1
Cmd: compileComputeKernel
  api=9 insize=11929 outsize=6884 ok=1
Cmd: compileComputeKernel
  api=4 insize=11929 outsize=2274 ok=1
Cmd: compileComputeKernel
  api=4 insize=11929 outsize=2339 ok=1
Cmd: compileComputeKernel
  api=4 insize=11929 outsize=2884 ok=1
Cmd: compileComputeKernel
  api=4 insize=11929 outsize=2376 ok=1
Cmd: compileComputeKernel
  api=4 insize=11929 outsize=2275 ok=1
Cmd: compileComputeKernel
  api=9 insize=76455 outsize=6347 ok=1
Cmd: compileComputeKernel
  api=9 insize=76455 outsize=9904 ok=1
Cmd: compileComputeKernel
  api=9 insize=76455 outsize=11340 ok=1
Cmd: compileComputeKernel
  api=4 insize=76455 outsize=12700 ok=1
Cmd: compileComputeKernel
  api=4 insize=76455 outsize=7768 ok=1
Cmd: compileComputeKernel
  api=4 insize=76455 outsize=5651 ok=1
Cmd: compileComputeKernel
  api=4 insize=76455 outsize=1071 ok=1
Cmd: compileComputeKernel
  api=4 insize=76455 outsize=13587 ok=1
Cmd: compileComputeKernel
  api=9 insize=3167 outsize=2106 ok=1
Cmd: compileComputeKernel
  api=9 insize=3167 outsize=4047 ok=1
Cmd: compileComputeKernel
  api=9 insize=776 outsize=22351 ok=1
Cmd: compileComputeKernel
  api=4 insize=776 outsize=4420 ok=1
Cmd: compileComputeKernel
  api=4 insize=776 outsize=10704 ok=1
Cmd: compileComputeKernel
  api=9 insize=20570 outsize=28116 ok=1
Cmd: compileComputeKernel
  api=9 insize=20570 outsize=31413 ok=1
Cmd: compileComputeKernel
  api=4 insize=20570 outsize=43753 ok=1
Cmd: compileComputeKernel
  api=9 insize=82071 outsize=3784 ok=1
Cmd: compileComputeKernel
  api=9 insize=82071 outsize=6428 ok=1
Cmd: compileComputeKernel
  api=9 insize=82071 outsize=20513 ok=1
Cmd: compileComputeKernel
  api=9 insize=82071 outsize=4517 ok=1
Cmd: compileComputeKernel
  api=9 insize=82071 outsize=10065 ok=1
Cmd: compileComputeKernel
  api=9 insize=82071 outsize=3316 ok=1
Cmd: compileComputeKernel
  api=9 insize=82071 outsize=3326 ok=1
Cmd: compileComputeKernel
  api=9 insize=82071 outsize=3351 ok=1
Cmd: compileComputeKernel
  api=9 insize=82071 outsize=4574 ok=1
Cmd: compileComputeKernel
  api=9 insize=82071 outsize=4828 ok=1
Cmd: compileComputeKernel
  api=9 insize=82071 outsize=3349 ok=1
Cmd: compileComputeKernel
  api=9 insize=82071 outsize=7398 ok=1
Cmd: compileComputeKernel
  api=9 insize=82071 outsize=8261 ok=1
Cmd: compileComputeKernel
  api=9 insize=82071 outsize=6778 ok=1
Cmd: compileComputeKernel
  api=9 insize=82071 outsize=6784 ok=1
Cmd: compileComputeKernel
  api=9 insize=82071 outsize=6706 ok=1
Cmd: compileComputeKernel
  api=9 insize=82071 outsize=6876 ok=1
Cmd: compileComputeKernel
  api=9 insize=82071 outsize=7179 ok=1
Cmd: compileComputeKernel
  api=9 insize=82071 outsize=6953 ok=1
Cmd: compileComputeKernel
  api=9 insize=82071 outsize=7034 ok=1
Cmd: compileComputeKernel
  api=9 insize=82071 outsize=10050 ok=1
Cmd: compileComputeKernel
  api=9 insize=82071 outsize=6757 ok=1
Cmd: compileComputeKernel
  api=9 insize=82071 outsize=6700 ok=1
Cmd: compileComputeKernel
  api=9 insize=82071 outsize=7338 ok=1
Cmd: compileComputeKernel
  api=9 insize=82071 outsize=7399 ok=1
Cmd: compileComputeKernel
  api=9 insize=82071 outsize=7765 ok=1
Cmd: compileComputeKernel
  api=9 insize=82071 outsize=6994 ok=1
Cmd: compileComputeKernel
  api=9 insize=82071 outsize=6997 ok=1
Cmd: compileComputeKernel
  api=9 insize=82071 outsize=6905 ok=1
Cmd: compileComputeKernel
  api=9 insize=82071 outsize=3077 ok=1
Cmd: compileComputeKernel
  api=9 insize=82071 outsize=3485 ok=1
Cmd: compileComputeKernel
  api=9 insize=82071 outsize=10611 ok=1
Cmd: compileComputeKernel
  api=9 insize=82071 outsize=10611 ok=1
Cmd: compileComputeKernel
  api=9 insize=82071 outsize=11639 ok=1
Cmd: compileComputeKernel
  api=9 insize=82071 outsize=11008 ok=1
Cmd: compileComputeKernel
  api=9 insize=82071 outsize=10787 ok=1
Cmd: compileComputeKernel
  api=9 insize=82071 outsize=10668 ok=1
Cmd: compileComputeKernel
  api=9 insize=82071 outsize=11103 ok=1
Cmd: compileComputeKernel
  api=9 insize=82071 outsize=11104 ok=1
Cmd: compileComputeKernel
  api=9 insize=82071 outsize=7006 ok=1
Cmd: compileComputeKernel
  api=9 insize=82071 outsize=7379 ok=1
Cmd: compileComputeKernel
  api=9 insize=82071 outsize=7379 ok=1
Cmd: compileComputeKernel
  api=9 insize=82071 outsize=6902 ok=1
Cmd: compileComputeKernel
  api=9 insize=82071 outsize=7004 ok=1
Cmd: compileComputeKernel
  api=9 insize=82071 outsize=3499 ok=1
Cmd: compileComputeKernel
  api=9 insize=82071 outsize=3255 ok=1
Cmd: compileComputeKernel
  api=9 insize=82071 outsize=4125 ok=1
Cmd: compileComputeKernel
  api=9 insize=82071 outsize=16175 ok=1
Cmd: compileComputeKernel
  api=9 insize=82071 outsize=3189 ok=1
Cmd: compileComputeKernel
  api=4 insize=82071 outsize=1686 ok=1
Cmd: compileComputeKernel
  api=4 insize=82071 outsize=2922 ok=1
Cmd: compileComputeKernel
  api=4 insize=82071 outsize=3854 ok=1
Cmd: compileComputeKernel
  api=4 insize=82071 outsize=2795 ok=1
Cmd: compileComputeKernel
  api=4 insize=82071 outsize=3099 ok=1
Cmd: compileComputeKernel
  api=4 insize=82071 outsize=1579 ok=1
Cmd: compileComputeKernel
  api=4 insize=82071 outsize=2631 ok=1
Cmd: compileComputeKernel
  api=4 insize=82071 outsize=1634 ok=1
Cmd: compileComputeKernel
  api=4 insize=82071 outsize=2634 ok=1
Cmd: compileComputeKernel
  api=4 insize=82071 outsize=1489 ok=1
Cmd: compileComputeKernel
  api=4 insize=82071 outsize=1461 ok=1
Cmd: compileComputeKernel
  api=4 insize=82071 outsize=2041 ok=1
Cmd: compileComputeKernel
  api=4 insize=82071 outsize=2241 ok=1
Cmd: compileComputeKernel
  api=4 insize=82071 outsize=1647 ok=1
Cmd: compileComputeKernel
  api=4 insize=82071 outsize=3271 ok=1
Cmd: compileComputeKernel
  api=4 insize=82071 outsize=3412 ok=1
Cmd: compileComputeKernel
  api=4 insize=82071 outsize=3375 ok=1
Cmd: compileComputeKernel
  api=4 insize=82071 outsize=3373 ok=1
Cmd: compileComputeKernel
  api=4 insize=82071 outsize=3398 ok=1
Cmd: compileComputeKernel
  api=4 insize=82071 outsize=1843 ok=1
Cmd: compileComputeKernel
  api=4 insize=82071 outsize=1894 ok=1
Cmd: compileComputeKernel
  api=4 insize=82071 outsize=3480 ok=1
Cmd: compileComputeKernel
  api=4 insize=82071 outsize=3471 ok=1
Cmd: compileComputeKernel
  api=4 insize=82071 outsize=3447 ok=1
Cmd: compileComputeKernel
  api=4 insize=82071 outsize=3635 ok=1
Cmd: compileComputeKernel
  api=4 insize=82071 outsize=3399 ok=1
Cmd: compileComputeKernel
  api=4 insize=82071 outsize=3865 ok=1
Cmd: compileComputeKernel
  api=4 insize=82071 outsize=3485 ok=1
Cmd: compileComputeKernel
  api=4 insize=82071 outsize=3485 ok=1
Cmd: compileComputeKernel
  api=4 insize=82071 outsize=3489 ok=1
Cmd: compileComputeKernel
  api=4 insize=82071 outsize=3468 ok=1
Cmd: compileComputeKernel
  api=4 insize=82071 outsize=3472 ok=1
Cmd: compileComputeKernel
  api=4 insize=82071 outsize=3475 ok=1
Cmd: compileComputeKernel
  api=4 insize=82071 outsize=1364 ok=1
Cmd: compileComputeKernel
  api=4 insize=82071 outsize=1549 ok=1
Cmd: compileComputeKernel
  api=4 insize=82071 outsize=5039 ok=1
Cmd: compileComputeKernel
  api=4 insize=82071 outsize=5039 ok=1
Cmd: compileComputeKernel
  api=4 insize=82071 outsize=5479 ok=1
Cmd: compileComputeKernel
  api=4 insize=82071 outsize=5194 ok=1
Cmd: compileComputeKernel
  api=4 insize=82071 outsize=5076 ok=1
Cmd: compileComputeKernel
  api=4 insize=82071 outsize=5073 ok=1
Cmd: compileComputeKernel
  api=4 insize=82071 outsize=5217 ok=1
Cmd: compileComputeKernel
  api=4 insize=82071 outsize=5218 ok=1
Cmd: compileComputeKernel
  api=4 insize=82071 outsize=3460 ok=1
Cmd: compileComputeKernel
  api=4 insize=82071 outsize=3554 ok=1
Cmd: compileComputeKernel
  api=4 insize=82071 outsize=3554 ok=1
Cmd: compileComputeKernel
  api=4 insize=82071 outsize=3429 ok=1
Cmd: compileComputeKernel
  api=4 insize=82071 outsize=3482 ok=1
Cmd: compileComputeKernel
  api=4 insize=82071 outsize=1590 ok=1
Cmd: compileComputeKernel
  api=4 insize=82071 outsize=1449 ok=1
Cmd: compileComputeKernel
  api=4 insize=82071 outsize=1750 ok=1
Cmd: compileComputeKernel
  api=4 insize=82071 outsize=7449 ok=1
Cmd: compileComputeKernel
  api=4 insize=82071 outsize=1358 ok=1
Cmd: compileComputeKernel
  api=4 insize=82071 outsize=1358 ok=1
Cmd: compileComputeKernel
  api=9 insize=4231 outsize=4932 ok=1
Cmd: compileComputeKernel
  api=9 insize=4231 outsize=7849 ok=1
Cmd: compileComputeKernel
  api=4 insize=4231 outsize=3836 ok=1
Cmd: compileComputeKernel
  api=9 insize=4442 outsize=3275 ok=1
Cmd: compileComputeKernel
  api=9 insize=4442 outsize=3779 ok=1
Cmd: compileComputeKernel
  api=4 insize=4442 outsize=1449 ok=1
Cmd: compileComputeKernel
  api=4 insize=4442 outsize=1750 ok=1
Cmd: compileComputeKernel
  api=9 insize=1900 outsize=6339 ok=1
Cmd: compileComputeKernel
  api=9 insize=958 outsize=3380 ok=1
Cmd: compileComputeKernel
  api=9 insize=958 outsize=3381 ok=1
Cmd: compileComputeKernel
  api=9 insize=958 outsize=3427 ok=1
Cmd: compileComputeKernel
  api=9 insize=958 outsize=3420 ok=1
Cmd: compileComputeKernel
  api=9 insize=958 outsize=3956 ok=1
Cmd: compileComputeKernel
  api=4 insize=958 outsize=1905 ok=1
Cmd: compileComputeKernel
  api=4 insize=958 outsize=1620 ok=1
Cmd: compileComputeKernel
  api=4 insize=958 outsize=1499 ok=1
Cmd: compileComputeKernel
  api=4 insize=958 outsize=1611 ok=1
Cmd: compileComputeKernel
  api=4 insize=958 outsize=1616 ok=1
Cmd: compileComputeKernel
  api=9 insize=467 outsize=7168 ok=1
Cmd: compileComputeKernel
  api=9 insize=467 outsize=11393 ok=1
Cmd: compileComputeKernel
  api=4 insize=467 outsize=3087 ok=1
Cmd: compileComputeKernel
  api=9 insize=467 outsize=4567 ok=1
Cmd: compileComputeKernel
  api=9 insize=467 outsize=7517 ok=1
Cmd: compileComputeKernel
  api=4 insize=467 outsize=2213 ok=1
Cmd: compileComputeKernel
  api=4 insize=467 outsize=3291 ok=1
Cmd: compileComputeKernel
  api=4 insize=467 outsize=5733 ok=1
Cmd: compileComputeKernel
  api=9 insize=10641 outsize=1449 ok=1
Cmd: compileComputeKernel
  api=9 insize=10641 outsize=1445 ok=1
Cmd: compileComputeKernel
  api=9 insize=10641 outsize=1980 ok=1
Cmd: compileComputeKernel
  api=9 insize=10641 outsize=1891 ok=1
Cmd: compileComputeKernel
  api=9 insize=10641 outsize=2187 ok=1
Cmd: compileComputeKernel
  api=9 insize=10641 outsize=1718 ok=1
Cmd: compileComputeKernel
  api=9 insize=10641 outsize=2314 ok=1
Cmd: compileComputeKernel
  api=9 insize=10641 outsize=1921 ok=1
Cmd: compileComputeKernel
  api=9 insize=10641 outsize=1980 ok=1
Cmd: compileComputeKernel
  api=9 insize=10641 outsize=1928 ok=1
Cmd: compileComputeKernel
  api=9 insize=10641 outsize=1798 ok=1
Cmd: compileComputeKernel
  api=9 insize=10641 outsize=2460 ok=1
Cmd: compileComputeKernel
  api=9 insize=10641 outsize=2151 ok=1
Cmd: compileComputeKernel
  api=9 insize=10641 outsize=2039 ok=1
Cmd: compileComputeKernel
  api=9 insize=10641 outsize=2849 ok=1
Cmd: compileComputeKernel
  api=9 insize=10641 outsize=1730 ok=1
Cmd: compileComputeKernel
  api=9 insize=10641 outsize=1978 ok=1
Cmd: compileComputeKernel
  api=9 insize=10641 outsize=1883 ok=1
Cmd: compileComputeKernel
  api=9 insize=10641 outsize=1733 ok=1
Cmd: compileComputeKernel
  api=9 insize=10641 outsize=1601 ok=1
Cmd: compileComputeKernel
  api=9 insize=10641 outsize=2941 ok=1
Cmd: compileComputeKernel
  api=9 insize=10641 outsize=2979 ok=1
Cmd: compileComputeKernel
  api=9 insize=10641 outsize=4012 ok=1
Cmd: compileComputeKernel
  api=9 insize=10641 outsize=3267 ok=1
Cmd: compileComputeKernel
  api=9 insize=10641 outsize=3371 ok=1
Cmd: compileComputeKernel
  api=9 insize=10641 outsize=3064 ok=1
Cmd: compileComputeKernel
  api=9 insize=10641 outsize=3088 ok=1
Cmd: compileComputeKernel
  api=9 insize=10641 outsize=3061 ok=1
Cmd: compileComputeKernel
  api=9 insize=10641 outsize=3251 ok=1
Cmd: compileComputeKernel
  api=9 insize=10641 outsize=3109 ok=1
Cmd: compileComputeKernel
  api=9 insize=10641 outsize=3054 ok=1
Cmd: compileComputeKernel
  api=9 insize=10641 outsize=3055 ok=1
Cmd: compileComputeKernel
  api=9 insize=10641 outsize=3066 ok=1
Cmd: compileComputeKernel
  api=9 insize=10641 outsize=3040 ok=1
Cmd: compileComputeKernel
  api=9 insize=10641 outsize=3707 ok=1
Cmd: compileComputeKernel
  api=9 insize=10641 outsize=3042 ok=1
Cmd: compileComputeKernel
  api=9 insize=10641 outsize=3417 ok=1
Cmd: compileComputeKernel
  api=9 insize=10641 outsize=3108 ok=1
Cmd: compileComputeKernel
  api=9 insize=10641 outsize=3174 ok=1
Cmd: compileComputeKernel
  api=9 insize=10641 outsize=3517 ok=1
Cmd: compileComputeKernel
  api=9 insize=10641 outsize=3173 ok=1
Cmd: compileComputeKernel
  api=9 insize=10641 outsize=3802 ok=1
Cmd: compileComputeKernel
  api=9 insize=10641 outsize=3213 ok=1
Cmd: compileComputeKernel
  api=9 insize=10641 outsize=3064 ok=1
Cmd: compileComputeKernel
  api=9 insize=10641 outsize=3216 ok=1
Cmd: compileComputeKernel
  api=9 insize=10641 outsize=3102 ok=1
Cmd: compileComputeKernel
  api=4 insize=10641 outsize=677 ok=1
Cmd: compileComputeKernel
  api=4 insize=10641 outsize=629 ok=1
Cmd: compileComputeKernel
  api=4 insize=10641 outsize=769 ok=1
Cmd: compileComputeKernel
  api=4 insize=10641 outsize=770 ok=1
Cmd: compileComputeKernel
  api=4 insize=10641 outsize=770 ok=1
Cmd: compileComputeKernel
  api=4 insize=10641 outsize=1032 ok=1
Cmd: compileComputeKernel
  api=4 insize=10641 outsize=855 ok=1
Cmd: compileComputeKernel
  api=4 insize=10641 outsize=796 ok=1
Cmd: compileComputeKernel
  api=4 insize=10641 outsize=677 ok=1
Cmd: compileComputeKernel
  api=4 insize=10641 outsize=759 ok=1
Cmd: compileComputeKernel
  api=4 insize=10641 outsize=716 ok=1
Cmd: compileComputeKernel
  api=4 insize=10641 outsize=798 ok=1
Cmd: compileComputeKernel
  api=4 insize=10641 outsize=1246 ok=1
Cmd: compileComputeKernel
  api=4 insize=10641 outsize=1018 ok=1
Cmd: compileComputeKernel
  api=4 insize=10641 outsize=847 ok=1
Cmd: compileComputeKernel
  api=4 insize=10641 outsize=791 ok=1
Cmd: compileComputeKernel
  api=4 insize=10641 outsize=629 ok=1
Cmd: compileComputeKernel
  api=4 insize=10641 outsize=677 ok=1
Cmd: compileComputeKernel
  api=4 insize=10641 outsize=786 ok=1
Cmd: compileComputeKernel
  api=4 insize=10641 outsize=709 ok=1
Cmd: compileComputeKernel
  api=4 insize=10641 outsize=1292 ok=1
Cmd: compileComputeKernel
  api=4 insize=10641 outsize=1229 ok=1
Cmd: compileComputeKernel
  api=4 insize=10641 outsize=1796 ok=1
Cmd: compileComputeKernel
  api=4 insize=10641 outsize=1547 ok=1
Cmd: compileComputeKernel
  api=4 insize=10641 outsize=1497 ok=1
Cmd: compileComputeKernel
  api=4 insize=10641 outsize=1346 ok=1
Cmd: compileComputeKernel
  api=4 insize=10641 outsize=1369 ok=1
Cmd: compileComputeKernel
  api=4 insize=10641 outsize=1340 ok=1
Cmd: compileComputeKernel
  api=4 insize=10641 outsize=1442 ok=1
Cmd: compileComputeKernel
  api=4 insize=10641 outsize=1359 ok=1
Cmd: compileComputeKernel
  api=4 insize=10641 outsize=1311 ok=1
Cmd: compileComputeKernel
  api=4 insize=10641 outsize=1311 ok=1
Cmd: compileComputeKernel
  api=4 insize=10641 outsize=1284 ok=1
Cmd: compileComputeKernel
  api=4 insize=10641 outsize=1369 ok=1
Cmd: compileComputeKernel
  api=4 insize=10641 outsize=1843 ok=1
Cmd: compileComputeKernel
  api=4 insize=10641 outsize=1387 ok=1
Cmd: compileComputeKernel
  api=4 insize=10641 outsize=1596 ok=1
Cmd: compileComputeKernel
  api=4 insize=10641 outsize=1397 ok=1
Cmd: compileComputeKernel
  api=4 insize=10641 outsize=1334 ok=1
Cmd: compileComputeKernel
  api=4 insize=10641 outsize=1565 ok=1
Cmd: compileComputeKernel
  api=4 insize=10641 outsize=1374 ok=1
Cmd: compileComputeKernel
  api=4 insize=10641 outsize=1805 ok=1
Cmd: compileComputeKernel
  api=4 insize=10641 outsize=1378 ok=1
Cmd: compileComputeKernel
  api=4 insize=10641 outsize=1264 ok=1
Cmd: compileComputeKernel
  api=4 insize=10641 outsize=1380 ok=1
Cmd: compileComputeKernel
  api=4 insize=10641 outsize=1287 ok=1
Cmd: compileComputeKernel
  api=4 insize=10641 outsize=1384 ok=1
Cmd: compileComputeKernel
  api=4 insize=10641 outsize=1319 ok=1
Cmd: initializeCompiler
Cmd: compileComputeKernel
  api=9 insize=4458 outsize=5114 ok=1
Cmd: compileComputeKernel
  api=4 insize=4458 outsize=2417 ok=1
Cmd: compileComputeKernel
  api=4 insize=4458 outsize=3544 ok=1
